25
0.0000 11.8614 16.3102 46.5273 22.3117 75.5974 107.9236 113.2384 145.9671 121.2330 49.9372 88.1596 45.2324 95.5044 125.0782 81.8619 45.5412 53.5403 196.5830 85.1015 109.5851 29.9040 137.7963 109.2859 94.5831
11.8614 0.0000 192.2625 15.1113 172.4298 40.6662 164.0207 136.2919 129.5984 92.9734 70.7886 74.9514 39.4568 41.8865 153.7779 215.4922 166.2243 94.0054 113.6068 42.6382 26.1587 53.4160 249.4723 124.2753 96.3477
16.3102 192.2625 0.0000 6.4723 38.7949 22.6778 52.3172 61.1637 103.9731 80.9309 188.2352 69.2548 186.9444 221.0290 129.6527 60.7654 85.5860 64.1862 262.5056 167.8508 145.5018 52.8360 174.6884 43.6318 115.5176
46.5273 15.1113 6.4723 0.0000 95.2262 136.0104 57.9851 153.1587 182.6499 90.7270 76.3973 98.6541 85.7005 22.6517 26.8238 20.2419 124.3146 197.1527 119.5013 178.3458 115.1179 77.0913 177.3812 182.6417 103.1648
22.3117 172.4298 38.7949 95.2262 0.0000 46.4947 44.2925 218.8157 135.1257 119.1763 103.2444 157.2202 112.3399 153.7399 104.9446 42.5989 93.7268 57.3515 86.4582 84.3522 32.2239 188.6881 123.2755 159.2549 114.8465
75.5974 40.6662 22.6778 136.0104 46.4947 0.0000 57.5467 60.5764 210.2183 29.1876 42.4418 125.9840 63.7499 184.7971 117.2892 96.9678 31.4214 119.5918 164.8697 159.4553 35.5746 40.2331 171.7926 157.0672 33.7309
107.9236 164.0207 52.3172 57.9851 44.2925 57.5467 0.0000 159.9516 222.2542 145.1243 84.7068 115.2290 48.4452 105.9314 180.2379 106.3543 121.5306 22.6824 56.0861 164.9572 66.0051 180.7173 38.0872 46.5725 136.9524
113.2384 136.2919 61.1637 153.1587 218.8157 60.5764 159.9516 0.0000 272.4534 144.0416 49.3522 26.0066 30.9463 81.4716 51.2638 44.7398 15.4764 215.7050 176.6276 82.5606 82.1138 93.6726 153.4105 143.1647 62.0323
145.9671 129.5984 103.9731 182.6499 135.1257 210.2183 222.2542 272.4534 0.0000 162.4207 60.9721 35.9168 51.9315 48.3450 177.6917 205.3873 5.3822 200.5844 182.6178 137.9674 108.5316 166.0453 85.1679 130.5070 105.8676
121.2330 92.9734 80.9309 90.7270 119.1763 29.1876 145.1243 144.0416 162.4207 0.0000 105.2239 155.5803 81.4748 33.6952 96.7356 83.7339 50.1286 130.6172 110.0536 64.3633 96.9494 193.0030 32.6797 83.5934 79.8303
49.9372 70.7886 188.2352 76.3973 103.2444 42.4418 84.7068 49.3522 60.9721 105.2239 0.0000 87.9465 84.4412 38.1313 188.6296 4.4249 34.3773 164.4313 21.0154 80.8813 77.3967 115.9567 69.0243 12.6996 73.1515
88.1596 74.9514 69.2548 98.6541 157.2202 125.9840 115.2290 26.0066 35.9168 155.5803 87.9465 0.0000 33.4224 87.4627 75.7647 80.2497 148.4376 126.4954 84.2981 74.0442 106.7580 103.1778 182.4006 137.1939 65.3099
45.2324 39.4568 186.9444 85.7005 112.3399 63.7499 48.4452 30.9463 51.9315 81.4748 84.4412 33.4224 0.0000 134.3155 9.7032 68.3385 119.2927 60.1844 203.1547 141.0630 131.6136 146.0400 32.3319 126.5337 101.4331
95.5044 41.8865 221.0290 22.6517 153.7399 184.7971 105.9314 81.4716 48.3450 33.6952 38.1313 87.4627 134.3155 0.0000 225.1511 75.8437 102.6094 98.4664 118.4519 104.6893 138.2088 158.1298 98.2740 119.9174 41.7624
125.0782 153.7779 129.6527 26.8238 104.9446 117.2892 180.2379 51.2638 177.6917 96.7356 188.6296 75.7647 9.7032 225.1511 0.0000 44.1999 22.7949 29.1105 54.3911 108.2887 146.3700 36.8405 117.6697 14.8288 55.3111
81.8619 215.4922 60.7654 20.2419 42.5989 96.9678 106.3543 44.7398 205.3873 83.7339 4.4249 80.2497 68.3385 75.8437 44.1999 0.0000 136.5563 144.7879 87.6311 153.5048 104.7909 74.4178 12.6585 22.1607 312.1744
45.5412 166.2243 85.5860 124.3146 93.7268 31.4214 121.5306 15.4764 5.3822 50.1286 34.3773 148.4376 119.2927 102.6094 22.7949 136.5563 0.0000 31.0832 96.0502 23.6396 127.0768 87.3758 51.4334 10.8852 91.1153
53.5403 94.0054 64.1862 197.1527 57.3515 119.5918 22.6824 215.7050 200.5844 130.6172 164.4313 126.4954 60.1844 98.4664 29.1105 144.7879 31.0832 0.0000 118.7825 166.8240 82.2345 103.9348 150.9771 215.7615 89.0425
196.5830 113.6068 262.5056 119.5013 86.4582 164.8697 56.0861 176.6276 182.6178 110.0536 21.0154 84.2981 203.1547 118.4519 54.3911 87.6311 96.0502 118.7825 0.0000 172.1489 141.2390 23.2931 92.0999 73.6049 112.3975
85.1015 42.6382 167.8508 178.3458 84.3522 159.4553 164.9572 82.5606 137.9674 64.3633 80.8813 74.0442 141.0630 104.6893 108.2887 153.5048 23.6396 166.8240 172.1489 0.0000 93.7850 149.0744 149.8857 145.2237 52.9693
109.5851 26.1587 145.5018 115.1179 32.2239 35.5746 66.0051 82.1138 108.5316 96.9494 77.3967 106.7580 131.6136 138.2088 146.3700 104.7909 127.0768 82.2345 141.2390 93.7850 0.0000 78.3370 128.2519 101.8159 159.7493
29.9040 53.4160 52.8360 77.0913 188.6881 40.2331 180.7173 93.6726 166.0453 193.0030 115.9567 103.1778 146.0400 158.1298 36.8405 74.4178 87.3758 103.9348 23.2931 149.0744 78.3370 0.0000 83.4872 83.5434 159.7607
137.7963 249.4723 174.6884 177.3812 123.2755 171.7926 38.0872 153.4105 85.1679 32.6797 69.0243 182.4006 32.3319 98.2740 117.6697 12.6585 51.4334 150.9771 92.0999 149.8857 128.2519 83.4872 0.0000 119.9449 42.6761
109.2859 124.2753 43.6318 182.6417 159.2549 157.0672 46.5725 143.1647 130.5070 83.5934 12.6996 137.1939 126.5337 119.9174 14.8288 22.1607 10.8852 215.7615 73.6049 145.2237 101.8159 83.5434 119.9449 0.0000 106.3411
94.5831 96.3477 115.5176 103.1648 114.8465 33.7309 136.9524 62.0323 105.8676 79.8303 73.1515 65.3099 101.4331 41.7624 55.3111 312.1744 91.1153 89.0425 112.3975 52.9693 159.7493 159.7607 42.6761 106.3411 0.0000
