25
0.0000 31.1507 33.8069 65.4246 100.9185 53.4855 196.3766 81.2694 131.4564 295.5463 98.5978 101.4993 202.0640 190.8810 122.8665 184.5851 153.6082 78.0609 161.2783 184.1646 144.5617 121.2105 30.6459 44.9124 163.6250
31.1507 0.0000 56.5311 120.0175 78.2008 37.1211 52.8691 28.5443 62.0222 97.6421 210.0155 57.3746 64.0064 76.5501 113.1689 262.1412 151.1245 24.3255 141.4032 73.9029 99.1725 119.5265 121.1420 60.7822 159.3997
33.8069 56.5311 0.0000 261.1267 187.9137 55.7513 73.7066 91.7021 43.9661 95.5254 113.9459 98.6563 97.9783 157.7619 127.9168 122.5036 127.9292 99.6133 76.7341 95.5956 95.2585 108.5000 14.4584 43.2045 82.1773
65.4246 120.0175 261.1267 0.0000 46.3688 146.6277 92.0541 132.2048 48.9410 115.4081 151.8504 61.2624 46.6787 70.0107 123.3063 25.3456 255.6410 180.2081 60.1746 110.9154 147.9798 104.4991 29.4994 192.6384 40.0156
100.9185 78.2008 187.9137 46.3688 0.0000 167.2838 93.7813 141.1441 194.9374 80.3991 159.1379 197.8224 146.7437 36.0143 32.4098 52.7539 83.7172 147.5353 132.9593 130.2684 64.5322 131.0806 61.5402 119.9487 149.9689
53.4855 37.1211 55.7513 146.6277 167.2838 0.0000 25.0888 98.3977 143.8051 121.3616 173.4303 170.3409 142.0896 210.5274 146.4267 192.9161 82.6268 216.3592 90.4369 237.3464 146.5969 88.8721 160.4359 73.2433 138.2562
196.3766 52.8691 73.7066 92.0541 93.7813 25.0888 0.0000 132.1766 63.9468 69.1491 118.0098 81.1291 183.9005 130.8366 55.8984 75.7421 179.8211 106.4338 173.7934 249.9913 248.5058 90.6914 44.8672 112.1555 63.6076
81.2694 28.5443 91.7021 132.2048 141.1441 98.3977 132.1766 0.0000 111.4462 1.1980 142.1237 93.7931 156.2368 146.3525 157.6294 181.6488 194.6886 112.6509 96.7207 136.3550 36.0750 206.6319 99.5073 132.1363 133.1994
131.4564 62.0222 43.9661 48.9410 194.9374 143.8051 63.9468 111.4462 0.0000 60.0913 88.7665 164.3586 24.3802 78.9122 61.6483 130.8993 121.4906 158.8727 148.9537 169.5678 61.4236 27.9466 142.5443 119.2413 62.6801
295.5463 97.6421 95.5254 115.4081 80.3991 121.3616 69.1491 1.1980 60.0913 0.0000 4.4176 130.7809 139.0289 51.7694 161.3253 48.6252 184.3206 138.1043 117.6708 1.9076 149.8937 109.4994 69.1849 168.9816 41.0945
98.5978 210.0155 113.9459 151.8504 159.1379 173.4303 118.0098 142.1237 88.7665 4.4176 0.0000 72.9647 165.5531 187.5470 110.8374 216.9998 59.7445 135.8552 76.5618 143.1187 34.5262 90.3933 100.5614 108.9802 161.4250
101.4993 57.3746 98.6563 61.2624 197.8224 170.3409 81.1291 93.7931 164.3586 130.7809 72.9647 0.0000 172.4810 9.3801 117.5923 97.6045 104.6086 168.5279 201.3283 118.1867 38.0510 179.6179 224.8642 87.2483 142.1217
202.0640 64.0064 97.9783 46.6787 146.7437 142.0896 183.9005 156.2368 24.3802 139.0289 165.5531 172.4810 0.0000 163.4836 150.0402 173.0035 73.0962 72.0001 143.0129 61.4733 102.9005 124.4520 148.9809 61.1489 183.7560
190.8810 76.5501 157.7619 70.0107 36.0143 210.5274 130.8366 146.3525 78.9122 51.7694 187.5470 9.3801 163.4836 0.0000 57.2340 101.5556 149.8429 17.4958 27.6782 86.3755 73.6704 83.1743 66.7582 89.7478 142.2495
122.8665 113.1689 127.9168 123.3063 32.4098 146.4267 55.8984 157.6294 61.6483 161.3253 110.8374 117.5923 150.0402 57.2340 0.0000 214.1012 12.0148 133.6001 94.1368 62.6733 25.4093 23.3096 38.0369 147.0553 46.5397
184.5851 262.1412 122.5036 25.3456 52.7539 192.9161 75.7421 181.6488 130.8993 48.6252 216.9998 97.6045 173.0035 101.5556 214.1012 0.0000 170.4078 128.4591 55.0924 159.6122 125.5898 97.2944 176.8043 38.0535 111.3422
153.6082 151.1245 127.9292 255.6410 83.7172 82.6268 179.8211 194.6886 121.4906 184.3206 59.7445 104.6086 73.0962 149.8429 12.0148 170.4078 0.0000 40.6586 105.0399 130.3991 134.3999 75.7404 66.8762 56.2555 119.0308
78.0609 24.3255 99.6133 180.2081 147.5353 216.3592 106.4338 112.6509 158.8727 138.1043 135.8552 168.5279 72.0001 17.4958 133.6001 128.4591 40.6586 0.0000 214.6998 153.4577 180.8532 40.2450 147.5359 144.9806 191.4989
161.2783 141.4032 76.7341 60.1746 132.9593 90.4369 173.7934 96.7207 148.9537 117.6708 76.5618 201.3283 143.0129 27.6782 94.1368 55.0924 105.0399 214.6998 0.0000 94.3983 152.6880 10.0386 91.3215 120.7567 43.5299
184.1646 73.9029 95.5956 110.9154 130.2684 237.3464 249.9913 136.3550 169.5678 1.9076 143.1187 118.1867 61.4733 86.3755 62.6733 159.6122 130.3991 153.4577 94.3983 0.0000 202.6777 39.0654 70.3756 125.0249 92.8189
144.5617 99.1725 95.2585 147.9798 64.5322 146.5969 248.5058 36.0750 61.4236 149.8937 34.5262 38.0510 102.9005 73.6704 25.4093 125.5898 134.3999 180.8532 152.6880 202.6777 0.0000 96.9529 87.2835 30.4317 95.1628
121.2105 119.5265 108.5000 104.4991 131.0806 88.8721 90.6914 206.6319 27.9466 109.4994 90.3933 179.6179 124.4520 83.1743 23.3096 97.2944 75.7404 40.2450 10.0386 39.0654 96.9529 0.0000 92.1970 83.6256 202.6652
30.6459 121.1420 14.4584 29.4994 61.5402 160.4359 44.8672 99.5073 142.5443 69.1849 100.5614 224.8642 148.9809 66.7582 38.0369 176.8043 66.8762 147.5359 91.3215 70.3756 87.2835 92.1970 0.0000 143.6399 97.9659
44.9124 60.7822 43.2045 192.6384 119.9487 73.2433 112.1555 132.1363 119.2413 168.9816 108.9802 87.2483 61.1489 89.7478 147.0553 38.0535 56.2555 144.9806 120.7567 125.0249 30.4317 83.6256 143.6399 0.0000 173.2113
163.6250 159.3997 82.1773 40.0156 149.9689 138.2562 63.6076 133.1994 62.6801 41.0945 161.4250 142.1217 183.7560 142.2495 46.5397 111.3422 119.0308 191.4989 43.5299 92.8189 95.1628 202.6652 97.9659 173.2113 0.0000
