30
0.0000 169.4105 105.9804 110.4116 66.1197 156.3739 21.4989 132.4300 22.8084 187.9354 150.7309 115.4547 133.2879 74.9272 113.7473 52.2757 52.4333 146.7883 83.7426 145.3973 59.9070 52.9237 56.2459 126.7396 117.3092 103.8877 104.6298 132.8028 118.8962 60.3228
169.4105 0.0000 101.5521 156.1655 136.9734 81.3202 108.7384 140.7000 39.2268 42.4723 112.5029 57.2591 181.9851 44.0094 238.6497 79.1260 97.1699 28.2179 177.9784 99.3246 65.0232 189.5450 172.0817 157.9793 67.9904 63.9843 56.0220 78.2208 90.8841 106.1941
105.9804 101.5521 0.0000 66.3899 167.8657 113.9860 152.2511 64.0470 47.9176 89.3278 190.6157 141.2802 227.1078 60.9808 13.5400 4.7591 82.1937 98.4135 58.4060 159.1873 75.8679 99.0179 39.5903 191.2693 36.9101 30.3207 20.5492 157.1576 53.8602 125.0564
110.4116 156.1655 66.3899 0.0000 171.3139 18.3585 118.1018 135.1082 125.3391 46.7134 126.3806 52.2299 50.4162 46.0223 147.0360 138.8576 203.2961 140.9649 155.2697 121.8547 93.7501 150.8260 49.0930 128.5466 34.2521 89.9617 67.8110 129.7364 74.2229 167.7125
66.1197 136.9734 167.8657 171.3139 0.0000 122.1168 76.1310 40.3053 112.2236 152.3820 63.3424 84.4055 133.4398 59.3332 53.2938 165.8128 71.6753 49.8683 97.7485 129.0832 111.9030 68.9244 34.5962 114.8340 31.9509 96.4916 132.7013 129.7818 134.4378 188.0281
156.3739 81.3202 113.9860 18.3585 122.1168 0.0000 215.4578 78.3087 14.4353 110.9112 159.6691 156.1617 220.7441 123.6610 162.9029 35.1598 77.7421 162.6071 163.9816 108.3406 135.3760 141.0019 115.5593 97.4093 98.8461 66.1621 154.2177 143.4939 263.6728 110.2266
21.4989 108.7384 152.2511 118.1018 76.1310 215.4578 0.0000 63.0307 137.9924 69.7469 109.6546 50.0123 127.8679 122.6181 136.8874 137.2166 137.5629 158.6227 97.3751 66.4970 120.0784 172.6451 83.9782 168.3906 70.7494 162.9896 136.8420 215.3475 42.8848 87.4745
132.4300 140.7000 64.0470 135.1082 40.3053 78.3087 63.0307 0.0000 25.3469 147.0821 53.0651 163.0342 12.2314 242.4449 52.3707 75.2639 124.4136 132.7004 89.7808 104.5076 65.0450 120.1068 101.5727 47.1693 216.6950 170.4954 135.2705 84.9567 106.5737 205.8318
22.8084 39.2268 47.9176 125.3391 112.2236 14.4353 137.9924 25.3469 0.0000 104.8226 161.9479 118.3982 38.4288 103.5174 89.7824 37.0654 124.2611 78.0220 105.8872 14.0759 172.1399 210.3764 111.9450 55.5876 48.8022 70.7291 62.9332 96.9153 84.6696 167.2758
187.9354 42.4723 89.3278 46.7134 152.3820 110.9112 69.7469 147.0821 104.8226 0.0000 171.9101 92.8118 86.6793 245.4584 155.0055 97.4055 121.6316 136.5563 126.5711 30.5544 188.3260 145.0830 108.2928 88.1030 66.6689 93.5035 62.1504 36.4377 120.3662 37.3864
150.7309 112.5029 190.6157 126.3806 63.3424 159.6691 109.6546 53.0651 161.9479 171.9101 0.0000 48.6489 104.9581 58.7201 64.5115 189.8645 20.1934 107.1777 153.7147 131.4138 115.9049 78.7209 88.5686 109.1689 46.0910 96.1382 151.1755 200.9205 99.7544 61.6547
115.4547 57.2591 141.2802 52.2299 84.4055 156.1617 50.0123 163.0342 118.3982 92.8118 48.6489 0.0000 105.0330 100.4389 218.9360 90.1327 51.9751 87.8897 62.6204 37.2266 14.2971 109.8962 192.7169 89.4469 2.6392 82.9286 151.1775 80.8358 172.4140 240.4250
133.2879 181.9851 227.1078 50.4162 133.4398 220.7441 127.8679 12.2314 38.4288 86.6793 104.9581 105.0330 0.0000 135.1504 92.0439 107.1528 50.7962 136.2797 41.2904 118.3212 100.8440 101.8793 76.2019 95.5684 204.6998 36.5544 11.4933 46.3910 195.0005 167.9563
74.9272 44.0094 60.9808 46.0223 59.3332 123.6610 122.6181 242.4449 103.5174 245.4584 58.7201 100.4389 135.1504 0.0000 194.2725 121.7881 67.2325 82.4141 145.9054 93.6922 4.0503 79.9606 75.6997 82.0732 88.5969 78.8985 185.1910 163.4220 85.9180 54.6949
113.7473 238.6497 13.5400 147.0360 53.2938 162.9029 136.8874 52.3707 89.7824 155.0055 64.5115 218.9360 92.0439 194.2725 0.0000 36.9945 0.2559 70.9986 73.9904 88.1288 45.2138 44.0746 89.2385 100.1738 64.2971 175.9613 115.7121 186.0393 185.3748 62.2585
52.2757 79.1260 4.7591 138.8576 165.8128 35.1598 137.2166 75.2639 37.0654 97.4055 189.8645 90.1327 107.1528 121.7881 36.9945 0.0000 162.9630 93.2980 222.5020 98.0508 117.5036 124.7134 132.2464 76.8396 100.3259 100.6523 79.2956 188.9119 159.5120 29.0167
52.4333 97.1699 82.1937 203.2961 71.6753 77.7421 137.5629 124.4136 124.2611 121.6316 20.1934 51.9751 50.7962 67.2325 0.2559 162.9630 0.0000 106.1069 233.8612 176.9973 77.7498 82.9192 136.3383 138.4288 9.9385 159.7954 154.1240 112.8678 147.2337 32.2976
146.7883 28.2179 98.4135 140.9649 49.8683 162.6071 158.6227 132.7004 78.0220 136.5563 107.1777 87.8897 136.2797 82.4141 70.9986 93.2980 106.1069 0.0000 121.3695 75.2671 27.2982 183.9489 49.0142 174.1628 38.2676 134.1310 95.5085 66.9867 56.4870 12.5901
83.7426 177.9784 58.4060 155.2697 97.7485 163.9816 97.3751 89.7808 105.8872 126.5711 153.7147 62.6204 41.2904 145.9054 73.9904 222.5020 233.8612 121.3695 0.0000 48.1894 110.9438 152.8895 192.6203 156.6674 8.4975 65.0658 11.3481 129.6119 71.7087 107.0448
145.3973 99.3246 159.1873 121.8547 129.0832 108.3406 66.4970 104.5076 14.0759 30.5544 131.4138 37.2266 118.3212 93.6922 88.1288 98.0508 176.9973 75.2671 48.1894 0.0000 59.4310 199.9378 53.7444 135.1028 98.7536 265.9123 85.9068 33.8385 141.4774 154.4027
59.9070 65.0232 75.8679 93.7501 111.9030 135.3760 120.0784 65.0450 172.1399 188.3260 115.9049 14.2971 100.8440 4.0503 45.2138 117.5036 77.7498 27.2982 110.9438 59.4310 0.0000 171.2306 124.5347 56.7523 169.3242 115.0498 150.3096 131.6934 25.7643 11.1454
52.9237 189.5450 99.0179 150.8260 68.9244 141.0019 172.6451 120.1068 210.3764 145.0830 78.7209 109.8962 101.8793 79.9606 44.0746 124.7134 82.9192 183.9489 152.8895 199.9378 171.2306 0.0000 96.9708 44.7029 90.8915 96.2618 91.2733 47.1672 62.4514 59.7640
56.2459 172.0817 39.5903 49.0930 34.5962 115.5593 83.9782 101.5727 111.9450 108.2928 88.5686 192.7169 76.2019 75.6997 89.2385 132.2464 136.3383 49.0142 192.6203 53.7444 124.5347 96.9708 0.0000 129.3400 97.7314 127.8716 162.4203 22.1187 135.3530 47.4078
126.7396 157.9793 191.2693 128.5466 114.8340 97.4093 168.3906 47.1693 55.5876 88.1030 109.1689 89.4469 95.5684 82.0732 100.1738 76.8396 138.4288 174.1628 156.6674 135.1028 56.7523 44.7029 129.3400 0.0000 54.6258 25.9534 57.7874 77.0266 89.0214 215.1871
117.3092 67.9904 36.9101 34.2521 31.9509 98.8461 70.7494 216.6950 48.8022 66.6689 46.0910 2.6392 204.6998 88.5969 64.2971 100.3259 9.9385 38.2676 8.4975 98.7536 169.3242 90.8915 97.7314 54.6258 0.0000 100.6556 54.7740 100.8019 16.9285 162.1406
103.8877 63.9843 30.3207 89.9617 96.4916 66.1621 162.9896 170.4954 70.7291 93.5035 96.1382 82.9286 36.5544 78.8985 175.9613 100.6523 159.7954 134.1310 65.0658 265.9123 115.0498 96.2618 127.8716 25.9534 100.6556 0.0000 182.4742 38.8723 133.6305 79.3894
104.6298 56.0220 20.5492 67.8110 132.7013 154.2177 136.8420 135.2705 62.9332 62.1504 151.1755 151.1775 11.4933 185.1910 115.7121 79.2956 154.1240 95.5085 11.3481 85.9068 150.3096 91.2733 162.4203 57.7874 54.7740 182.4742 0.0000 106.0762 104.9238 77.1328
132.8028 78.2208 157.1576 129.7364 129.7818 143.4939 215.3475 84.9567 96.9153 36.4377 200.9205 80.8358 46.3910 163.4220 186.0393 188.9119 112.8678 66.9867 129.6119 33.8385 131.6934 47.1672 22.1187 77.0266 100.8019 38.8723 106.0762 0.0000 159.6073 82.7017
118.8962 90.8841 53.8602 74.2229 134.4378 263.6728 42.8848 106.5737 84.6696 120.3662 99.7544 172.4140 195.0005 85.9180 185.3748 159.5120 147.2337 56.4870 71.7087 141.4774 25.7643 62.4514 135.3530 89.0214 16.9285 133.6305 104.9238 159.6073 0.0000 132.6586
60.3228 106.1941 125.0564 167.7125 188.0281 110.2266 87.4745 205.8318 167.2758 37.3864 61.6547 240.4250 167.9563 54.6949 62.2585 29.0167 32.2976 12.5901 107.0448 154.4027 11.1454 59.7640 47.4078 215.1871 162.1406 79.3894 77.1328 82.7017 132.6586 0.0000
