30
0.0000 116.5629 116.0390 95.7476 123.5979 76.5028 72.8557 101.8336 115.8902 105.1721 133.3284 60.9210 59.9509 120.7374 15.3059 132.5625 94.2550 107.7860 76.6457 172.9602 19.6390 98.5736 67.5108 159.2567 142.2617 41.8836 114.7846 25.3657 132.1121 152.1263
116.5629 0.0000 262.1536 116.8546 85.0467 110.9108 14.8787 122.2513 93.5480 23.9899 167.1483 149.8792 230.6260 143.9154 121.1935 112.5333 179.3617 79.0330 16.3442 95.6865 113.7949 209.4646 80.3748 153.1388 116.4535 200.1910 103.9448 117.2026 155.4991 153.7268
116.0390 262.1536 0.0000 88.3195 87.5641 28.6187 66.8904 154.3467 95.5370 152.2642 17.1127 184.3250 149.5709 123.6493 72.8852 39.0563 191.5507 177.1723 31.0184 146.4980 111.1177 58.4674 82.8078 54.0154 68.5515 127.6220 105.6295 83.6754 179.6026 152.6955
95.7476 116.8546 88.3195 0.0000 186.9517 98.4738 72.8337 167.9439 102.9565 6.0570 169.9239 160.4263 31.1728 128.1948 118.5457 118.3536 115.4787 52.2830 149.1305 130.4864 156.9363 46.7650 79.3138 79.3361 135.2984 102.4951 122.1599 116.8534 124.9912 248.4588
123.5979 85.0467 87.5641 186.9517 0.0000 128.8810 157.4101 146.1298 82.2531 107.5667 92.0599 141.3181 97.2593 19.7338 128.3200 119.3794 53.3547 52.0064 98.9200 141.4425 59.3031 108.9369 147.7934 104.3758 79.4180 89.5529 107.1549 103.1598 69.8178 150.5828
76.5028 110.9108 28.6187 98.4738 128.8810 0.0000 251.5749 44.3658 72.3766 110.0943 91.3928 147.5824 178.7407 157.4781 196.6165 49.1877 96.7524 72.7952 153.4730 228.7649 122.9169 123.0828 22.0836 102.3042 124.7382 119.4658 64.0662 84.9907 171.1343 159.2221
72.8557 14.8787 66.8904 72.8337 157.4101 251.5749 0.0000 135.4365 110.7422 76.6750 98.9830 72.4298 117.7443 134.7214 156.6283 92.2797 132.1252 155.1394 199.6679 204.6475 92.6876 65.4159 45.8638 19.0227 66.0368 98.8690 58.0427 24.4552 136.7799 37.9394
101.8336 122.2513 154.3467 167.9439 146.1298 44.3658 135.4365 0.0000 102.7152 184.0301 155.2322 98.7733 137.0174 152.1750 182.0891 36.6075 125.2922 30.4200 209.8424 144.1992 117.6174 167.0231 76.9303 26.9252 75.4596 164.1300 18.0108 53.7444 21.9273 205.5701
115.8902 93.5480 95.5370 102.9565 82.2531 72.3766 110.7422 102.7152 0.0000 126.2918 68.0248 182.3739 69.5545 122.9820 167.7904 46.8429 108.5967 75.1761 17.4251 8.2465 34.4554 105.8202 137.6539 172.7160 323.7924 46.6544 2.7349 203.9804 87.8619 156.5476
105.1721 23.9899 152.2642 6.0570 107.5667 110.0943 76.6750 184.0301 126.2918 0.0000 179.1690 81.7709 278.0635 105.8705 192.6553 47.8921 55.3883 133.6374 121.9990 147.4054 188.8538 127.3180 84.0036 92.0019 155.4757 4.2637 176.2576 201.6366 185.5474 101.6047
133.3284 167.1483 17.1127 169.9239 92.0599 91.3928 98.9830 155.2322 68.0248 179.1690 0.0000 172.9145 91.4435 22.8573 60.9625 122.1402 81.7248 14.1487 58.5566 141.4419 55.6782 193.3774 176.4504 175.9625 152.1314 34.1052 91.4060 134.4919 122.2010 113.3141
60.9210 149.8792 184.3250 160.4263 141.3181 147.5824 72.4298 98.7733 182.3739 81.7709 172.9145 0.0000 79.4814 130.0386 42.7461 189.4207 98.4154 117.9080 77.4233 76.7611 79.1785 106.7152 63.9970 160.1135 74.1190 25.7278 162.6712 205.4181 35.2110 186.0677
59.9509 230.6260 149.5709 31.1728 97.2593 178.7407 117.7443 137.0174 69.5545 278.0635 91.4435 79.4814 0.0000 121.7454 140.3984 187.8321 48.2183 204.4553 197.6333 98.7946 76.2381 137.6357 114.6624 247.6206 21.7559 67.5045 241.6711 156.5966 138.5493 140.6650
120.7374 143.9154 123.6493 128.1948 19.7338 157.4781 134.7214 152.1750 122.9820 105.8705 22.8573 130.0386 121.7454 0.0000 144.4945 47.1240 115.3345 94.5852 49.9615 148.7255 71.9121 111.6566 141.3257 163.0851 105.2002 32.2344 89.3168 161.6250 33.4211 49.1331
15.3059 121.1935 72.8852 118.5457 128.3200 196.6165 156.6283 182.0891 167.7904 192.6553 60.9625 42.7461 140.3984 144.4945 0.0000 118.8112 130.3945 158.9742 130.7488 85.8705 62.6249 238.5504 180.2149 150.2273 176.4254 61.0188 84.8772 135.2306 88.8185 177.9547
132.5625 112.5333 39.0563 118.3536 119.3794 49.1877 92.2797 36.6075 46.8429 47.8921 122.1402 189.4207 187.8321 47.1240 118.8112 0.0000 65.4461 163.8093 63.5213 151.6148 41.2441 29.8730 119.3645 118.2695 159.9153 114.4205 149.3731 123.3664 35.6976 182.1015
94.2550 179.3617 191.5507 115.4787 53.3547 96.7524 132.1252 125.2922 108.5967 55.3883 81.7248 98.4154 48.2183 115.3345 130.3945 65.4461 0.0000 61.8650 94.3714 116.3293 108.5892 146.2943 133.2768 55.2340 167.7599 314.0913 45.8188 30.4633 95.1912 67.2914
107.7860 79.0330 177.1723 52.2830 52.0064 72.7952 155.1394 30.4200 75.1761 133.6374 14.1487 117.9080 204.4553 94.5852 158.9742 163.8093 61.8650 0.0000 114.1742 178.8776 104.1749 220.2626 60.5992 197.8328 154.0302 166.8680 119.1355 151.6745 21.8816 89.3145
76.6457 16.3442 31.0184 149.1305 98.9200 153.4730 199.6679 209.8424 17.4251 121.9990 58.5566 77.4233 197.6333 49.9615 130.7488 63.5213 94.3714 114.1742 0.0000 138.4707 100.9544 35.4820 34.4839 192.6356 151.8535 199.2267 122.2922 213.6928 151.1771 31.7971
172.9602 95.6865 146.4980 130.4864 141.4425 228.7649 204.6475 144.1992 8.2465 147.4054 141.4419 76.7611 98.7946 148.7255 85.8705 151.6148 116.3293 178.8776 138.4707 0.0000 199.6148 154.0262 69.7186 135.7642 79.9360 164.7436 233.7318 54.3676 198.0081 8.2244
19.6390 113.7949 111.1177 156.9363 59.3031 122.9169 92.6876 117.6174 34.4554 188.8538 55.6782 79.1785 76.2381 71.9121 62.6249 41.2441 108.5892 104.1749 100.9544 199.6148 0.0000 36.0888 97.8505 126.4506 136.9091 89.4081 142.2046 17.2061 87.7257 86.0218
98.5736 209.4646 58.4674 46.7650 108.9369 123.0828 65.4159 167.0231 105.8202 127.3180 193.3774 106.7152 137.6357 111.6566 238.5504 29.8730 146.2943 220.2626 35.4820 154.0262 36.0888 0.0000 175.6862 80.7516 103.4609 76.8637 114.9772 120.1348 69.8717 19.9244
67.5108 80.3748 82.8078 79.3138 147.7934 22.0836 45.8638 76.9303 137.6539 84.0036 176.4504 63.9970 114.6624 141.3257 180.2149 119.3645 133.2768 60.5992 34.4839 69.7186 97.8505 175.6862 0.0000 71.4246 183.1875 159.4688 98.2039 199.7744 121.2139 178.0231
159.2567 153.1388 54.0154 79.3361 104.3758 102.3042 19.0227 26.9252 172.7160 92.0019 175.9625 160.1135 247.6206 163.0851 150.2273 118.2695 55.2340 197.8328 192.6356 135.7642 126.4506 80.7516 71.4246 0.0000 139.3027 140.6779 95.3234 202.1479 62.6457 22.1832
142.2617 116.4535 68.5515 135.2984 79.4180 124.7382 66.0368 75.4596 323.7924 155.4757 152.1314 74.1190 21.7559 105.2002 176.4254 159.9153 167.7599 154.0302 151.8535 79.9360 136.9091 103.4609 183.1875 139.3027 0.0000 114.2777 47.2299 174.2989 2.8770 119.6195
41.8836 200.1910 127.6220 102.4951 89.5529 119.4658 98.8690 164.1300 46.6544 4.2637 34.1052 25.7278 67.5045 32.2344 61.0188 114.4205 314.0913 166.8680 199.2267 164.7436 89.4081 76.8637 159.4688 140.6779 114.2777 0.0000 69.2669 172.6182 160.7495 86.9364
114.7846 103.9448 105.6295 122.1599 107.1549 64.0662 58.0427 18.0108 2.7349 176.2576 91.4060 162.6712 241.6711 89.3168 84.8772 149.3731 45.8188 119.1355 122.2922 233.7318 142.2046 114.9772 98.2039 95.3234 47.2299 69.2669 0.0000 77.4701 111.0569 93.8583
25.3657 117.2026 83.6754 116.8534 103.1598 84.9907 24.4552 53.7444 203.9804 201.6366 134.4919 205.4181 156.5966 161.6250 135.2306 123.3664 30.4633 151.6745 213.6928 54.3676 17.2061 120.1348 199.7744 202.1479 174.2989 172.6182 77.4701 0.0000 33.7090 209.8948
132.1121 155.4991 179.6026 124.9912 69.8178 171.1343 136.7799 21.9273 87.8619 185.5474 122.2010 35.2110 138.5493 33.4211 88.8185 35.6976 95.1912 21.8816 151.1771 198.0081 87.7257 69.8717 121.2139 62.6457 2.8770 160.7495 111.0569 33.7090 0.0000 124.6582
152.1263 153.7268 152.6955 248.4588 150.5828 159.2221 37.9394 205.5701 156.5476 101.6047 113.3141 186.0677 140.6650 49.1331 177.9547 182.1015 67.2914 89.3145 31.7971 8.2244 86.0218 19.9244 178.0231 22.1832 119.6195 86.9364 93.8583 209.8948 124.6582 0.0000
