19
0.0000 23.5789 88.4336 149.0552 97.4457 96.3710 36.4171 63.9384 204.8718 83.2960 71.7297 62.7102 86.6452 116.0023 145.9992 133.8779 103.4557 52.7375 50.3997
23.5789 0.0000 180.7091 112.8060 7.0807 203.4834 110.1668 99.6717 176.0259 90.7551 43.3706 161.6049 69.9218 112.8701 180.2780 71.2348 108.3859 133.6789 57.1335
88.4336 180.7091 0.0000 73.2622 144.8806 14.3257 115.6043 170.5121 70.6431 128.9028 190.0727 101.9440 174.3587 54.5049 180.7525 102.0773 80.2596 52.8600 84.9089
149.0552 112.8060 73.2622 0.0000 129.2419 90.5812 57.7220 201.7887 87.5150 141.2888 186.6025 202.2539 114.7556 36.0689 221.6202 65.6796 129.7593 158.9282 80.8413
97.4457 7.0807 144.8806 129.2419 0.0000 146.3151 134.6482 97.4030 175.4596 34.2284 70.4522 44.3253 31.0937 142.2244 112.4493 80.1585 124.5246 83.9164 5.2264
96.3710 203.4834 14.3257 90.5812 146.3151 0.0000 68.0935 145.1583 208.9508 51.5883 142.4506 154.5728 111.4871 167.4202 39.3653 140.0251 50.7446 90.6746 141.8083
36.4171 110.1668 115.6043 57.7220 134.6482 68.0935 0.0000 76.1597 53.4982 22.4422 176.3101 98.9830 108.4479 156.4994 98.3333 121.3743 72.4324 127.5872 77.2097
63.9384 99.6717 170.5121 201.7887 97.4030 145.1583 76.1597 0.0000 132.7471 68.1928 129.1843 76.1957 79.8189 182.8405 36.3135 165.6098 122.6848 191.0253 108.0234
204.8718 176.0259 70.6431 87.5150 175.4596 208.9508 53.4982 132.7471 0.0000 25.9925 88.4725 44.9904 203.1930 202.7525 45.6206 69.4124 116.7987 44.1535 204.1453
83.2960 90.7551 128.9028 141.2888 34.2284 51.5883 22.4422 68.1928 25.9925 0.0000 208.5998 159.6536 140.3872 147.9444 89.2063 115.4005 127.0162 79.6003 166.3464
71.7297 43.3706 190.0727 186.6025 70.4522 142.4506 176.3101 129.1843 88.4725 208.5998 0.0000 98.9155 126.8780 81.8737 127.2790 167.4771 103.7167 128.1782 154.2834
62.7102 161.6049 101.9440 202.2539 44.3253 154.5728 98.9830 76.1957 44.9904 159.6536 98.9155 0.0000 33.4466 123.3494 194.8315 62.3506 170.2885 44.8241 90.6118
86.6452 69.9218 174.3587 114.7556 31.0937 111.4871 108.4479 79.8189 203.1930 140.3872 126.8780 33.4466 0.0000 146.2520 35.9514 105.7086 37.5710 38.7033 73.9400
116.0023 112.8701 54.5049 36.0689 142.2244 167.4202 156.4994 182.8405 202.7525 147.9444 81.8737 123.3494 146.2520 0.0000 75.0883 74.5071 88.1756 179.2345 95.7171
145.9992 180.2780 180.7525 221.6202 112.4493 39.3653 98.3333 36.3135 45.6206 89.2063 127.2790 194.8315 35.9514 75.0883 0.0000 31.5575 168.7596 30.5400 80.5605
133.8779 71.2348 102.0773 65.6796 80.1585 140.0251 121.3743 165.6098 69.4124 115.4005 167.4771 62.3506 105.7086 74.5071 31.5575 0.0000 59.0039 85.7653 174.9303
103.4557 108.3859 80.2596 129.7593 124.5246 50.7446 72.4324 122.6848 116.7987 127.0162 103.7167 170.2885 37.5710 88.1756 168.7596 59.0039 0.0000 198.7426 74.9474
52.7375 133.6789 52.8600 158.9282 83.9164 90.6746 127.5872 191.0253 44.1535 79.6003 128.1782 44.8241 38.7033 179.2345 30.5400 85.7653 198.7426 0.0000 94.7074
50.3997 57.1335 84.9089 80.8413 5.2264 141.8083 77.2097 108.0234 204.1453 166.3464 154.2834 90.6118 73.9400 95.7171 80.5605 174.9303 74.9474 94.7074 0.0000
