23
0.0000 139.6275 40.5948 120.0667 128.1932 104.6221 190.0506 153.2544 52.1999 74.4738 214.3569 114.0117 225.9270 140.3819 72.7412 95.2933 183.2958 81.1102 203.7133 54.1974 195.0315 129.1806 192.5050
139.6275 0.0000 67.5986 116.6522 5.5082 135.1375 216.4161 197.5224 187.3891 133.6324 107.4697 56.5217 23.2088 29.3163 127.7343 195.3193 153.2629 84.8617 120.3632 109.5437 145.1772 52.8876 148.7548
40.5948 67.5986 0.0000 122.6860 28.6725 121.2266 152.3027 132.0991 72.4382 89.1161 123.3851 58.0754 132.4673 109.2083 80.3818 116.1609 67.1790 19.5897 31.4330 41.0612 74.6660 41.4719 61.3746
120.0667 116.6522 122.6860 0.0000 133.1570 67.0934 92.1778 164.2505 61.2021 175.8818 98.7986 111.7757 20.2875 62.7110 192.8481 58.7012 176.6603 99.4349 80.8552 53.2779 144.5841 211.5232 127.0328
128.1932 5.5082 28.6725 133.1570 0.0000 99.8261 135.2734 105.9796 157.7378 31.9870 74.0353 71.8401 21.3463 44.4746 121.9332 100.7685 111.3903 78.9116 185.7040 84.8028 25.7140 118.1202 3.0623
104.6221 135.1375 121.2266 67.0934 99.8261 0.0000 51.4762 73.1955 36.4085 143.8360 108.5659 50.9479 200.9209 100.4077 129.3494 55.5203 121.2975 0.8769 68.0047 50.5360 90.6525 121.3107 30.2172
190.0506 216.4161 152.3027 92.1778 135.2734 51.4762 0.0000 30.8150 88.8783 129.9991 134.7450 72.9344 23.0081 194.1770 115.3482 93.0023 133.5455 46.1371 128.7372 109.7544 180.1579 85.1384 67.7866
153.2544 197.5224 132.0991 164.2505 105.9796 73.1955 30.8150 0.0000 143.0302 135.6397 51.9386 53.4367 121.3422 141.1481 228.1216 100.8241 85.0357 66.2580 166.4690 69.1048 98.9776 97.6230 168.3527
52.1999 187.3891 72.4382 61.2021 157.7378 36.4085 88.8783 143.0302 0.0000 102.4208 209.6114 89.7952 121.8858 184.3678 61.5491 102.2628 152.2125 152.5036 106.1383 145.7185 157.6458 38.5307 165.2435
74.4738 133.6324 89.1161 175.8818 31.9870 143.8360 129.9991 135.6397 102.4208 0.0000 76.4062 132.5577 96.5311 80.9601 121.0073 14.8129 174.8774 115.2021 95.6681 150.4518 54.4637 76.1576 125.8440
214.3569 107.4697 123.3851 98.7986 74.0353 108.5659 134.7450 51.9386 209.6114 76.4062 0.0000 65.2471 111.9564 130.9286 132.6130 66.5624 57.3805 160.3823 106.1298 151.7004 65.9676 187.4243 129.5466
114.0117 56.5217 58.0754 111.7757 71.8401 50.9479 72.9344 53.4367 89.7952 132.5577 65.2471 0.0000 116.7264 118.3484 140.2009 95.7393 57.6815 158.4493 60.1484 129.6469 162.6813 89.7277 140.9375
225.9270 23.2088 132.4673 20.2875 21.3463 200.9209 23.0081 121.3422 121.8858 96.5311 111.9564 116.7264 0.0000 79.1308 163.4464 161.7470 183.8471 103.4534 104.4259 25.3026 36.1697 77.7099 135.4943
140.3819 29.3163 109.2083 62.7110 44.4746 100.4077 194.1770 141.1481 184.3678 80.9601 130.9286 118.3484 79.1308 0.0000 140.8985 38.2205 192.8181 111.0169 150.8831 96.7482 77.2710 63.2457 63.6118
72.7412 127.7343 80.3818 192.8481 121.9332 129.3494 115.3482 228.1216 61.5491 121.0073 132.6130 140.2009 163.4464 140.8985 0.0000 77.6578 78.1192 125.1650 50.5856 129.2637 175.0897 143.8405 143.3826
95.2933 195.3193 116.1609 58.7012 100.7685 55.5203 93.0023 100.8241 102.2628 14.8129 66.5624 95.7393 161.7470 38.2205 77.6578 0.0000 44.4190 15.6906 80.9957 163.7355 20.7990 2.2286 153.1741
183.2958 153.2629 67.1790 176.6603 111.3903 121.2975 133.5455 85.0357 152.2125 174.8774 57.3805 57.6815 183.8471 192.8181 78.1192 44.4190 0.0000 60.5770 30.1228 186.5418 200.1542 67.7614 157.1092
81.1102 84.8617 19.5897 99.4349 78.9116 0.8769 46.1371 66.2580 152.5036 115.2021 160.3823 158.4493 103.4534 111.0169 125.1650 15.6906 60.5770 0.0000 19.8544 104.5426 20.0863 53.4352 126.9969
203.7133 120.3632 31.4330 80.8552 185.7040 68.0047 128.7372 166.4690 106.1383 95.6681 106.1298 60.1484 104.4259 150.8831 50.5856 80.9957 30.1228 19.8544 0.0000 147.2202 79.6708 86.0506 112.5998
54.1974 109.5437 41.0612 53.2779 84.8028 50.5360 109.7544 69.1048 145.7185 150.4518 151.7004 129.6469 25.3026 96.7482 129.2637 163.7355 186.5418 104.5426 147.2202 0.0000 62.4643 150.3664 49.2976
195.0315 145.1772 74.6660 144.5841 25.7140 90.6525 180.1579 98.9776 157.6458 54.4637 65.9676 162.6813 36.1697 77.2710 175.0897 20.7990 200.1542 20.0863 79.6708 62.4643 0.0000 108.4649 15.9178
129.1806 52.8876 41.4719 211.5232 118.1202 121.3107 85.1384 97.6230 38.5307 76.1576 187.4243 89.7277 77.7099 63.2457 143.8405 2.2286 67.7614 53.4352 86.0506 150.3664 108.4649 0.0000 243.6667
192.5050 148.7548 61.3746 127.0328 3.0623 30.2172 67.7866 168.3527 165.2435 125.8440 129.5466 140.9375 135.4943 63.6118 143.3826 153.1741 157.1092 126.9969 112.5998 49.2976 15.9178 243.6667 0.0000
