23
0.0000 201.4181 100.5467 213.8329 111.8719 79.9933 60.9651 42.6654 159.1355 101.6581 107.5899 148.4433 105.9838 41.8615 168.2148 64.5885 45.1268 132.9727 135.3523 90.8104 20.0719 74.3279 122.1111
201.4181 0.0000 115.8131 74.5873 140.5198 90.4656 220.9643 24.8804 46.6733 62.8232 80.4348 135.8770 113.8366 113.7952 83.5341 235.9595 20.9801 196.8214 178.6075 117.2937 145.3967 173.3135 152.9104
100.5467 115.8131 0.0000 128.9948 95.2817 100.0277 111.2346 166.1825 131.9242 4.8960 147.4370 157.8237 141.3257 14.6047 59.7648 65.4580 150.2529 6.2170 31.0507 54.9980 87.0821 27.7932 25.0341
213.8329 74.5873 128.9948 0.0000 150.6266 184.5425 123.6620 143.0299 63.1610 92.3070 98.0002 132.0638 60.7313 261.4648 35.6777 40.9375 44.0937 144.4371 84.6935 96.6620 122.1303 164.9034 30.8891
111.8719 140.5198 95.2817 150.6266 0.0000 25.7156 92.1887 109.7325 220.5224 156.4286 147.1101 36.8159 104.2288 98.5897 108.4794 5.6955 36.0974 137.5444 67.6358 234.8375 4.8990 65.5208 171.1538
79.9933 90.4656 100.0277 184.5425 25.7156 0.0000 134.5622 108.9937 15.0133 97.1917 174.9764 118.8231 37.1846 120.5453 79.9618 141.3611 160.0265 136.8979 88.6680 198.8603 94.6060 204.5259 234.3965
60.9651 220.9643 111.2346 123.6620 92.1887 134.5622 0.0000 140.2795 198.2817 157.2907 129.0748 30.0277 108.0291 84.7026 110.5726 146.9064 13.5127 73.9154 158.2098 30.6813 61.4739 82.6946 74.3980
42.6654 24.8804 166.1825 143.0299 109.7325 108.9937 140.2795 0.0000 316.0249 1.9440 48.9053 105.2382 133.1487 115.9392 151.7128 0.7362 149.0515 130.8979 88.5327 131.0045 53.4699 174.5604 89.4456
159.1355 46.6733 131.9242 63.1610 220.5224 15.0133 198.2817 316.0249 0.0000 96.3792 53.7582 125.7269 119.4038 180.4339 103.0734 89.6447 81.0802 140.3918 0.9815 110.7901 94.4028 27.7460 132.0000
101.6581 62.8232 4.8960 92.3070 156.4286 97.1917 157.2907 1.9440 96.3792 0.0000 141.0863 107.3338 137.8487 95.5274 51.9277 174.1518 65.6726 118.9038 102.3852 123.9567 83.1273 49.3217 129.3587
107.5899 80.4348 147.4370 98.0002 147.1101 174.9764 129.0748 48.9053 53.7582 141.0863 0.0000 68.8503 161.4238 112.9557 61.8223 23.9494 49.2490 34.0419 99.6012 147.2219 148.9961 86.0444 109.9465
148.4433 135.8770 157.8237 132.0638 36.8159 118.8231 30.0277 105.2382 125.7269 107.3338 68.8503 0.0000 121.3054 208.6690 19.4988 184.3585 145.7204 125.9209 98.9263 52.5851 16.7098 143.6114 180.5296
105.9838 113.8366 141.3257 60.7313 104.2288 37.1846 108.0291 133.1487 119.4038 137.8487 161.4238 121.3054 0.0000 107.0001 160.6917 97.4153 87.4803 105.3968 62.2852 68.3048 140.9634 4.8848 53.3933
41.8615 113.7952 14.6047 261.4648 98.5897 120.5453 84.7026 115.9392 180.4339 95.5274 112.9557 208.6690 107.0001 0.0000 124.8726 185.7909 81.1197 142.5384 17.9699 19.8919 97.2179 85.2149 170.1040
168.2148 83.5341 59.7648 35.6777 108.4794 79.9618 110.5726 151.7128 103.0734 51.9277 61.8223 19.4988 160.6917 124.8726 0.0000 107.4510 61.5130 191.6883 166.3515 66.5610 121.0702 115.5278 92.1310
64.5885 235.9595 65.4580 40.9375 5.6955 141.3611 146.9064 0.7362 89.6447 174.1518 23.9494 184.3585 97.4153 185.7909 107.4510 0.0000 130.9918 80.5822 103.6143 48.9846 140.9852 73.9523 48.3446
45.1268 20.9801 150.2529 44.0937 36.0974 160.0265 13.5127 149.0515 81.0802 65.6726 49.2490 145.7204 87.4803 81.1197 61.5130 130.9918 0.0000 143.8176 87.3972 121.0437 95.8403 133.8235 73.8177
132.9727 196.8214 6.2170 144.4371 137.5444 136.8979 73.9154 130.8979 140.3918 118.9038 34.0419 125.9209 105.3968 142.5384 191.6883 80.5822 143.8176 0.0000 105.6558 87.8179 77.1312 121.2020 57.8348
135.3523 178.6075 31.0507 84.6935 67.6358 88.6680 158.2098 88.5327 0.9815 102.3852 99.6012 98.9263 62.2852 17.9699 166.3515 103.6143 87.3972 105.6558 0.0000 156.5772 31.1590 89.2544 11.3498
90.8104 117.2937 54.9980 96.6620 234.8375 198.8603 30.6813 131.0045 110.7901 123.9567 147.2219 52.5851 68.3048 19.8919 66.5610 48.9846 121.0437 87.8179 156.5772 0.0000 64.7035 96.4883 77.4827
20.0719 145.3967 87.0821 122.1303 4.8990 94.6060 61.4739 53.4699 94.4028 83.1273 148.9961 16.7098 140.9634 97.2179 121.0702 140.9852 95.8403 77.1312 31.1590 64.7035 0.0000 82.5019 154.5597
74.3279 173.3135 27.7932 164.9034 65.5208 204.5259 82.6946 174.5604 27.7460 49.3217 86.0444 143.6114 4.8848 85.2149 115.5278 73.9523 133.8235 121.2020 89.2544 96.4883 82.5019 0.0000 159.8888
122.1111 152.9104 25.0341 30.8891 171.1538 234.3965 74.3980 89.4456 132.0000 129.3587 109.9465 180.5296 53.3933 170.1040 92.1310 48.3446 73.8177 57.8348 11.3498 77.4827 154.5597 159.8888 0.0000
