29
0.0000 166.5132 142.5029 22.2894 128.3391 118.1984 102.4188 52.9982 168.0820 128.1247 45.2968 118.9701 172.1525 66.8219 155.3460 192.9693 74.0881 137.0774 165.4898 153.0237 147.4105 83.3425 133.3930 115.9037 195.4235 80.4665 137.0753 88.5106 134.2062
166.5132 0.0000 141.6393 97.4467 127.0051 175.2254 153.0000 174.8527 137.6532 21.5635 209.0287 106.5984 140.0581 129.8503 44.1794 41.6028 71.3043 175.2186 79.3013 124.1528 177.2099 73.8184 103.3912 83.3684 114.6369 71.9075 110.0288 36.2995 78.1898
142.5029 141.6393 0.0000 73.5070 74.9032 44.5268 117.8148 64.1615 86.9589 151.0126 69.5694 118.6374 24.8165 112.8343 86.5467 53.3488 139.0661 39.6049 117.9918 138.4613 77.4391 98.4716 161.3710 33.6387 103.3200 84.1168 117.2029 61.1193 109.0842
22.2894 97.4467 73.5070 0.0000 7.1583 121.8918 25.2523 86.2219 64.8779 165.0278 93.5155 232.0134 106.3015 125.2593 132.1900 21.1202 122.5873 166.9811 177.8460 91.1376 76.3957 93.0884 112.7044 61.4840 113.6463 94.5194 64.0088 133.5937 106.7040
128.3391 127.0051 74.9032 7.1583 0.0000 84.0379 102.8687 165.9667 13.1979 177.9784 74.9236 188.6967 92.3891 104.9477 179.6205 176.5298 90.4365 96.6424 129.4083 83.4141 152.9338 127.1660 195.6346 197.2034 162.0892 54.0680 54.9666 121.2228 84.8679
118.1984 175.2254 44.5268 121.8918 84.0379 0.0000 52.4091 186.4337 81.6339 138.3394 92.3581 3.5810 71.1198 82.7696 123.9141 97.3224 86.7831 47.8509 156.7953 99.3037 81.0706 62.9539 56.0014 122.9288 47.7342 0.1818 282.1968 145.1556 71.2562
102.4188 153.0000 117.8148 25.2523 102.8687 52.4091 0.0000 273.3128 58.1712 97.1764 116.4923 85.5180 163.3646 116.6807 143.0752 115.9781 27.4466 158.8060 104.8437 122.9062 115.5248 114.2307 91.0462 83.5002 106.8981 81.7653 138.8697 10.3293 87.9767
52.9982 174.8527 64.1615 86.2219 165.9667 186.4337 273.3128 0.0000 122.5950 78.7154 87.9423 91.8163 149.0485 120.7279 89.7895 150.7124 104.8878 102.8357 124.0491 157.4703 87.1179 44.7057 35.3179 190.1146 72.0980 127.4342 70.5373 67.8157 7.3525
168.0820 137.6532 86.9589 64.8779 13.1979 81.6339 58.1712 122.5950 0.0000 79.9657 122.1535 114.1294 149.8032 119.3238 148.1756 133.9977 49.5053 106.6689 117.6957 103.0651 181.1320 56.3498 0.0402 81.4370 114.2835 27.8247 89.9424 145.6112 100.3779
128.1247 21.5635 151.0126 165.0278 177.9784 138.3394 97.1764 78.7154 79.9657 0.0000 145.2239 109.3012 53.6915 118.8366 161.7736 104.8025 79.7979 128.2267 93.4156 22.8935 147.0234 81.7415 92.6075 8.1659 39.5207 114.4844 149.3509 147.4972 70.4348
45.2968 209.0287 69.5694 93.5155 74.9236 92.3581 116.4923 87.9423 122.1535 145.2239 0.0000 160.0525 83.5369 90.2716 82.7956 131.6408 159.4349 55.2402 92.1246 82.0078 67.3641 84.4872 64.5745 114.0378 47.6353 44.1256 89.8990 160.5544 160.2069
118.9701 106.5984 118.6374 232.0134 188.6967 3.5810 85.5180 91.8163 114.1294 109.3012 160.0525 0.0000 90.9405 76.0017 192.2462 150.2108 127.5320 32.7146 164.2396 159.0229 32.2264 32.2758 9.1613 151.6775 149.1721 95.0873 78.0629 26.6811 195.6866
172.1525 140.0581 24.8165 106.3015 92.3891 71.1198 163.3646 149.0485 149.8032 53.6915 83.5369 90.9405 0.0000 67.4423 98.0226 46.0276 68.7051 117.5945 156.9678 68.9991 42.6597 169.0839 73.2589 175.2101 32.9205 55.3249 105.0009 149.8088 215.3479
66.8219 129.8503 112.8343 125.2593 104.9477 82.7696 116.6807 120.7279 119.3238 118.8366 90.2716 76.0017 67.4423 0.0000 69.1919 68.9141 131.0472 187.1147 54.5393 86.6871 27.3366 52.8426 26.7119 191.5434 120.5217 117.9448 208.6507 43.9343 37.0531
155.3460 44.1794 86.5467 132.1900 179.6205 123.9141 143.0752 89.7895 148.1756 161.7736 82.7956 192.2462 98.0226 69.1919 0.0000 89.0295 203.3339 199.3437 108.1484 152.1498 125.8726 172.0960 153.9875 121.4574 172.9016 70.0258 65.7507 206.7101 31.5295
192.9693 41.6028 53.3488 21.1202 176.5298 97.3224 115.9781 150.7124 133.9977 104.8025 131.6408 150.2108 46.0276 68.9141 89.0295 0.0000 173.6911 137.1324 112.5047 74.6693 74.5698 137.5780 81.5053 179.9817 76.2634 97.5524 103.0793 117.3730 16.1354
74.0881 71.3043 139.0661 122.5873 90.4365 86.7831 27.4466 104.8878 49.5053 79.7979 159.4349 127.5320 68.7051 131.0472 203.3339 173.6911 0.0000 39.9958 177.6159 116.9496 106.7092 158.3614 158.9423 58.7515 161.9267 61.1356 32.0362 101.3292 91.0867
137.0774 175.2186 39.6049 166.9811 96.6424 47.8509 158.8060 102.8357 106.6689 128.2267 55.2402 32.7146 117.5945 187.1147 199.3437 137.1324 39.9958 0.0000 37.4853 100.2843 83.6580 49.6556 38.6417 76.2191 38.4035 149.1323 117.0347 91.1524 84.2114
165.4898 79.3013 117.9918 177.8460 129.4083 156.7953 104.8437 124.0491 117.6957 93.4156 92.1246 164.2396 156.9678 54.5393 108.1484 112.5047 177.6159 37.4853 0.0000 37.0454 253.3560 111.8111 106.0888 109.1535 112.5330 75.3824 33.9875 164.3148 77.5861
153.0237 124.1528 138.4613 91.1376 83.4141 99.3037 122.9062 157.4703 103.0651 22.8935 82.0078 159.0229 68.9991 86.6871 152.1498 74.6693 116.9496 100.2843 37.0454 0.0000 98.9265 146.6170 59.2738 152.0180 138.7746 248.2672 58.3523 108.4395 130.2409
147.4105 177.2099 77.4391 76.3957 152.9338 81.0706 115.5248 87.1179 181.1320 147.0234 67.3641 32.2264 42.6597 27.3366 125.8726 74.5698 106.7092 83.6580 253.3560 98.9265 0.0000 137.2038 151.5337 56.6235 120.5385 100.9672 151.0808 209.4797 173.0515
83.3425 73.8184 98.4716 93.0884 127.1660 62.9539 114.2307 44.7057 56.3498 81.7415 84.4872 32.2758 169.0839 52.8426 172.0960 137.5780 158.3614 49.6556 111.8111 146.6170 137.2038 0.0000 215.2829 76.7016 73.7735 14.2915 103.8409 59.3807 65.7110
133.3930 103.3912 161.3710 112.7044 195.6346 56.0014 91.0462 35.3179 0.0402 92.6075 64.5745 9.1613 73.2589 26.7119 153.9875 81.5053 158.9423 38.6417 106.0888 59.2738 151.5337 215.2829 0.0000 161.5205 89.6042 146.0306 81.3888 116.1700 72.3640
115.9037 83.3684 33.6387 61.4840 197.2034 122.9288 83.5002 190.1146 81.4370 8.1659 114.0378 151.6775 175.2101 191.5434 121.4574 179.9817 58.7515 76.2191 109.1535 152.0180 56.6235 76.7016 161.5205 0.0000 96.1831 173.1687 79.1835 41.3759 39.6305
195.4235 114.6369 103.3200 113.6463 162.0892 47.7342 106.8981 72.0980 114.2835 39.5207 47.6353 149.1721 32.9205 120.5217 172.9016 76.2634 161.9267 38.4035 112.5330 138.7746 120.5385 73.7735 89.6042 96.1831 0.0000 80.8999 122.9716 70.2441 67.6460
80.4665 71.9075 84.1168 94.5194 54.0680 0.1818 81.7653 127.4342 27.8247 114.4844 44.1256 95.0873 55.3249 117.9448 70.0258 97.5524 61.1356 149.1323 75.3824 248.2672 100.9672 14.2915 146.0306 173.1687 80.8999 0.0000 73.5354 135.7469 144.2168
137.0753 110.0288 117.2029 64.0088 54.9666 282.1968 138.8697 70.5373 89.9424 149.3509 89.8990 78.0629 105.0009 208.6507 65.7507 103.0793 32.0362 117.0347 33.9875 58.3523 151.0808 103.8409 81.3888 79.1835 122.9716 73.5354 0.0000 51.4056 127.2861
88.5106 36.2995 61.1193 133.5937 121.2228 145.1556 10.3293 67.8157 145.6112 147.4972 160.5544 26.6811 149.8088 43.9343 206.7101 117.3730 101.3292 91.1524 164.3148 108.4395 209.4797 59.3807 116.1700 41.3759 70.2441 135.7469 51.4056 0.0000 130.8960
134.2062 78.1898 109.0842 106.7040 84.8679 71.2562 87.9767 7.3525 100.3779 70.4348 160.2069 195.6866 215.3479 37.0531 31.5295 16.1354 91.0867 84.2114 77.5861 130.2409 173.0515 65.7110 72.3640 39.6305 67.6460 144.2168 127.2861 130.8960 0.0000
