30
0.0000 116.2978 137.5158 190.6811 12.5239 40.8314 44.1552 81.6775 99.2023 122.7129 105.5840 86.9669 51.0397 128.1743 88.5083 63.5005 92.7457 44.7304 55.2776 106.8630 159.9259 61.5359 116.5242 144.1837 143.6229 125.6764 166.3727 89.4344 102.6315 103.2464
116.2978 0.0000 112.5202 108.5236 105.3615 93.0772 162.5781 160.9933 46.5149 168.0097 59.6560 86.2611 113.8360 130.3274 106.3482 73.0625 55.8864 124.9786 42.9911 86.1866 98.5051 44.1453 149.9985 146.0612 71.4124 111.6886 159.1907 115.1174 150.3153 117.8741
137.5158 112.5202 0.0000 171.6443 53.4797 59.4160 133.0757 78.1217 40.7605 111.3367 177.8061 128.4496 49.0752 175.5665 17.2142 131.7105 23.8329 129.7038 126.3599 156.8873 134.9419 44.3337 24.4947 276.0625 134.2029 122.2859 32.5234 207.5691 124.1016 105.2454
190.6811 108.5236 171.6443 0.0000 100.2647 73.6014 113.0926 193.5607 85.3084 171.7306 46.3679 72.8301 150.9791 156.5729 12.6251 22.6359 80.1876 113.7591 168.6908 101.3741 73.6398 103.7845 218.3210 138.9301 29.4518 98.3484 85.7847 14.8291 117.1020 106.7267
12.5239 105.3615 53.4797 100.2647 0.0000 179.5165 186.1022 113.2336 138.0393 163.9895 208.5163 173.4572 20.6458 115.6767 174.7580 8.7475 35.5139 55.1121 86.9620 154.5521 125.0126 133.3772 182.6693 92.5280 55.7294 140.2890 140.1462 97.5665 81.5671 124.3476
40.8314 93.0772 59.4160 73.6014 179.5165 0.0000 79.3319 168.7732 91.5338 199.7878 184.5095 139.3774 183.8576 83.0185 133.7453 125.7332 77.9332 73.5049 45.1002 72.1396 143.1473 167.2541 147.1582 63.4894 92.6354 180.4653 160.0630 119.2914 31.1443 54.9273
44.1552 162.5781 133.0757 113.0926 186.1022 79.3319 0.0000 184.8272 132.3127 147.7777 38.0730 188.3646 52.1046 86.6191 137.9059 103.0886 49.0573 149.4474 62.7233 39.1479 103.7715 68.4392 150.9635 129.5765 134.0760 54.6134 19.0694 99.3477 71.2330 148.3900
81.6775 160.9933 78.1217 193.5607 113.2336 168.7732 184.8272 0.0000 159.3925 178.3887 74.1046 58.1750 92.0780 81.3952 107.1511 116.7324 98.7737 154.9264 140.5737 113.2905 95.0584 106.5367 126.5869 141.7233 125.0649 102.5799 102.7659 216.3873 78.9785 16.2134
99.2023 46.5149 40.7605 85.3084 138.0393 91.5338 132.3127 159.3925 0.0000 235.8165 159.5166 47.0302 113.8315 102.9699 91.6613 167.7967 7.3962 84.7528 144.1718 81.0875 149.3678 207.4781 105.4794 46.0669 97.9889 95.1981 184.2494 169.3854 337.4339 10.1132
122.7129 168.0097 111.3367 171.7306 163.9895 199.7878 147.7777 178.3887 235.8165 0.0000 121.0454 132.8547 17.7090 133.7854 138.8721 271.9189 158.3234 75.2652 31.9891 107.2068 96.7189 81.9629 16.5303 25.2044 132.2891 75.8084 143.6171 143.8463 88.9790 69.7788
105.5840 59.6560 177.8061 46.3679 208.5163 184.5095 38.0730 74.1046 159.5166 121.0454 0.0000 69.4418 137.0537 112.6441 135.8437 52.4448 167.9092 123.1787 189.9600 104.3568 109.0651 44.5613 40.7177 127.1139 81.1821 161.7817 10.7181 146.5968 70.4576 149.0850
86.9669 86.2611 128.4496 72.8301 173.4572 139.3774 188.3646 58.1750 47.0302 132.8547 69.4418 0.0000 51.9544 144.5185 128.1593 97.9981 93.7802 56.7309 33.1197 252.7438 220.6334 8.0740 109.9850 84.8636 96.3883 63.8939 64.3173 125.3363 78.3035 142.3351
51.0397 113.8360 49.0752 150.9791 20.6458 183.8576 52.1046 92.0780 113.8315 17.7090 137.0537 51.9544 0.0000 178.4087 127.0808 52.8080 87.0574 200.9646 103.6093 96.0307 34.2605 128.9595 88.2241 143.7200 113.4922 124.2875 112.2316 48.1048 130.1385 122.6236
128.1743 130.3274 175.5665 156.5729 115.6767 83.0185 86.6191 81.3952 102.9699 133.7854 112.6441 144.5185 178.4087 0.0000 163.4331 283.3688 96.3967 94.4603 150.3402 64.6478 125.8901 176.4067 129.0611 95.6807 121.0871 94.6145 59.2885 83.6303 26.8467 106.9533
88.5083 106.3482 17.2142 12.6251 174.7580 133.7453 137.9059 107.1511 91.6613 138.8721 135.8437 128.1593 127.0808 163.4331 0.0000 3.2180 289.3688 66.7212 60.2844 152.0982 146.7298 10.9252 113.9368 156.7081 190.2291 77.0461 141.9921 77.5570 116.3230 208.3715
63.5005 73.0625 131.7105 22.6359 8.7475 125.7332 103.0886 116.7324 167.7967 271.9189 52.4448 97.9981 52.8080 283.3688 3.2180 0.0000 72.4363 58.8634 127.5426 73.7284 31.9377 243.2689 44.9619 112.1143 88.5428 65.2741 47.3919 59.1221 42.5446 23.9414
92.7457 55.8864 23.8329 80.1876 35.5139 77.9332 49.0573 98.7737 7.3962 158.3234 167.9092 93.7802 87.0574 96.3967 289.3688 72.4363 0.0000 117.9595 119.3012 88.8992 45.5936 142.1624 151.6358 50.5214 1.1950 114.8277 92.9137 219.6791 27.9059 59.4561
44.7304 124.9786 129.7038 113.7591 55.1121 73.5049 149.4474 154.9264 84.7528 75.2652 123.1787 56.7309 200.9646 94.4603 66.7212 58.8634 117.9595 0.0000 90.5812 91.8560 206.1101 246.6446 66.7591 251.8460 58.1541 159.3265 102.6134 160.8835 81.2415 97.5193
55.2776 42.9911 126.3599 168.6908 86.9620 45.1002 62.7233 140.5737 144.1718 31.9891 189.9600 33.1197 103.6093 150.3402 60.2844 127.5426 119.3012 90.5812 0.0000 192.4871 177.1032 171.7448 32.5241 152.3832 83.2173 39.7884 68.7993 122.0224 150.3482 85.2755
106.8630 86.1866 156.8873 101.3741 154.5521 72.1396 39.1479 113.2905 81.0875 107.2068 104.3568 252.7438 96.0307 64.6478 152.0982 73.7284 88.8992 91.8560 192.4871 0.0000 90.4873 94.6846 149.1272 93.0695 73.9849 127.1143 154.2484 107.3166 52.6011 84.3271
159.9259 98.5051 134.9419 73.6398 125.0126 143.1473 103.7715 95.0584 149.3678 96.7189 109.0651 220.6334 34.2605 125.8901 146.7298 31.9377 45.5936 206.1101 177.1032 90.4873 0.0000 87.0147 122.7359 31.1289 155.8639 52.1412 69.1636 108.0015 154.7814 67.0463
61.5359 44.1453 44.3337 103.7845 133.3772 167.2541 68.4392 106.5367 207.4781 81.9629 44.5613 8.0740 128.9595 176.4067 10.9252 243.2689 142.1624 246.6446 171.7448 94.6846 87.0147 0.0000 121.6806 140.9630 59.1091 21.3180 27.1615 69.0612 105.0545 215.0823
116.5242 149.9985 24.4947 218.3210 182.6693 147.1582 150.9635 126.5869 105.4794 16.5303 40.7177 109.9850 88.2241 129.0611 113.9368 44.9619 151.6358 66.7591 32.5241 149.1272 122.7359 121.6806 0.0000 54.4859 105.3502 60.4574 215.2579 39.6471 67.3926 88.0459
144.1837 146.0612 276.0625 138.9301 92.5280 63.4894 129.5765 141.7233 46.0669 25.2044 127.1139 84.8636 143.7200 95.6807 156.7081 112.1143 50.5214 251.8460 152.3832 93.0695 31.1289 140.9630 54.4859 0.0000 54.3728 76.4429 129.6031 34.7892 190.3666 125.5169
143.6229 71.4124 134.2029 29.4518 55.7294 92.6354 134.0760 125.0649 97.9889 132.2891 81.1821 96.3883 113.4922 121.0871 190.2291 88.5428 1.1950 58.1541 83.2173 73.9849 155.8639 59.1091 105.3502 54.3728 0.0000 147.8413 101.9100 160.7546 105.1684 92.8586
125.6764 111.6886 122.2859 98.3484 140.2890 180.4653 54.6134 102.5799 95.1981 75.8084 161.7817 63.8939 124.2875 94.6145 77.0461 65.2741 114.8277 159.3265 39.7884 127.1143 52.1412 21.3180 60.4574 76.4429 147.8413 0.0000 108.8552 61.7737 194.4444 185.7967
166.3727 159.1907 32.5234 85.7847 140.1462 160.0630 19.0694 102.7659 184.2494 143.6171 10.7181 64.3173 112.2316 59.2885 141.9921 47.3919 92.9137 102.6134 68.7993 154.2484 69.1636 27.1615 215.2579 129.6031 101.9100 108.8552 0.0000 89.8063 87.6514 133.8259
89.4344 115.1174 207.5691 14.8291 97.5665 119.2914 99.3477 216.3873 169.3854 143.8463 146.5968 125.3363 48.1048 83.6303 77.5570 59.1221 219.6791 160.8835 122.0224 107.3166 108.0015 69.0612 39.6471 34.7892 160.7546 61.7737 89.8063 0.0000 174.3343 66.4104
102.6315 150.3153 124.1016 117.1020 81.5671 31.1443 71.2330 78.9785 337.4339 88.9790 70.4576 78.3035 130.1385 26.8467 116.3230 42.5446 27.9059 81.2415 150.3482 52.6011 154.7814 105.0545 67.3926 190.3666 105.1684 194.4444 87.6514 174.3343 0.0000 78.8642
103.2464 117.8741 105.2454 106.7267 124.3476 54.9273 148.3900 16.2134 10.1132 69.7788 149.0850 142.3351 122.6236 106.9533 208.3715 23.9414 59.4561 97.5193 85.2755 84.3271 67.0463 215.0823 88.0459 125.5169 92.8586 185.7967 133.8259 66.4104 78.8642 0.0000
