30
0.0000 201.8562 108.0957 136.4249 130.6625 132.3098 37.6708 143.9170 121.9225 145.3940 24.9869 105.6753 66.5077 122.3702 111.6769 104.4908 146.1267 81.6571 137.4830 10.0111 70.9191 183.6523 100.5749 95.1099 131.9089 117.0141 141.0107 123.2327 151.4554 70.8923
201.8562 0.0000 125.4372 54.6980 142.0424 93.0959 134.2564 133.6922 49.9117 174.0686 79.9490 99.4990 52.1453 249.8220 89.2058 126.0291 235.6026 56.3888 86.4709 100.2139 130.7970 158.8703 33.3249 20.2640 142.3280 127.2494 185.5716 58.4634 63.3006 67.7041
108.0957 125.4372 0.0000 145.4052 104.6958 32.5297 6.2186 126.3361 88.7737 114.1473 7.3682 12.3196 170.3321 69.0156 180.0994 45.1948 69.4179 181.5991 15.5906 43.9654 0.8016 176.1420 112.2266 47.9359 206.6131 85.1247 159.4801 37.1007 84.3100 64.7262
136.4249 54.6980 145.4052 0.0000 37.7740 170.1069 143.5173 51.2459 117.7069 141.1787 174.8184 84.6568 53.9054 18.8869 203.4776 156.1567 39.8807 58.8355 27.1120 75.7928 54.0873 85.4741 196.5940 113.9158 138.7900 85.8106 93.0503 143.1009 169.0632 182.0837
130.6625 142.0424 104.6958 37.7740 0.0000 69.6184 128.5392 57.5230 144.6437 100.0845 40.9340 82.2956 101.0354 160.9389 167.3776 148.0875 105.2551 165.7505 128.3446 80.5260 145.9031 93.2404 64.4684 87.5212 25.0182 142.3611 142.2104 96.7723 187.6757 76.4749
132.3098 93.0959 32.5297 170.1069 69.6184 0.0000 19.1110 78.1028 22.9895 11.1253 80.3630 182.6621 57.7600 94.1650 131.3504 89.9195 71.3234 61.3978 111.5675 113.2512 132.7572 2.9051 310.6983 120.8965 57.9155 6.1862 120.2767 121.3409 94.0276 148.7606
37.6708 134.2564 6.2186 143.5173 128.5392 19.1110 0.0000 34.0477 187.9877 127.8855 180.5865 102.8268 91.8444 106.7445 153.5323 68.8845 62.2850 19.4528 152.0135 189.4017 110.4613 35.2735 132.0894 104.4748 129.2310 138.6715 32.6168 129.7936 127.0007 145.3783
143.9170 133.6922 126.3361 51.2459 57.5230 78.1028 34.0477 0.0000 72.4275 136.2383 36.9328 121.8986 116.2281 94.7207 147.0698 90.7554 208.8533 133.1492 145.5766 96.3325 160.4931 62.1523 36.5506 59.3457 155.0707 145.0537 43.5812 166.1540 104.0042 22.8296
121.9225 49.9117 88.7737 117.7069 144.6437 22.9895 187.9877 72.4275 0.0000 215.8668 127.6680 66.2828 69.8619 69.4463 165.7633 75.4890 143.2529 165.4320 133.7353 72.8256 23.3111 146.7940 105.2400 58.4556 108.8771 42.7340 104.7007 57.2020 20.6779 144.2969
145.3940 174.0686 114.1473 141.1787 100.0845 11.1253 127.8855 136.2383 215.8668 0.0000 213.8707 115.0158 138.4476 74.2846 86.1147 111.5141 84.6446 60.2058 176.9015 130.9769 98.2442 67.8046 84.5013 90.6563 71.9066 142.8404 141.1444 191.7221 141.6098 145.7399
24.9869 79.9490 7.3682 174.8184 40.9340 80.3630 180.5865 36.9328 127.6680 213.8707 0.0000 167.6951 147.4267 209.9435 82.7259 125.1558 133.5551 54.9740 142.5391 126.6089 188.4536 121.5268 113.7473 64.8091 78.5959 156.6226 129.2301 77.2172 19.8160 9.7062
105.6753 99.4990 12.3196 84.6568 82.2956 182.6621 102.8268 121.8986 66.2828 115.0158 167.6951 0.0000 117.3248 51.9809 35.6062 105.4292 162.2130 141.5357 145.8188 106.3536 149.0815 189.5627 98.9014 175.7322 109.4568 124.7401 32.5133 17.7542 65.2599 230.7239
66.5077 52.1453 170.3321 53.9054 101.0354 57.7600 91.8444 116.2281 69.8619 138.4476 147.4267 117.3248 0.0000 88.5040 80.3432 124.2910 176.1080 109.6338 50.7629 108.1288 141.7976 115.5767 218.8783 151.7587 122.8782 149.3589 129.3103 86.2897 100.6888 71.9549
122.3702 249.8220 69.0156 18.8869 160.9389 94.1650 106.7445 94.7207 69.4463 74.2846 209.9435 51.9809 88.5040 0.0000 34.4148 200.1403 92.3775 11.7160 102.5693 180.8313 175.0653 61.6127 46.4858 84.3557 82.9196 90.7880 96.6000 110.6416 68.1047 37.0920
111.6769 89.2058 180.0994 203.4776 167.3776 131.3504 153.5323 147.0698 165.7633 86.1147 82.7259 35.6062 80.3432 34.4148 0.0000 152.0369 113.3706 69.9178 65.2132 38.3026 48.8923 138.7050 14.1549 14.4018 185.6531 22.4928 148.7041 8.0432 120.5105 96.8342
104.4908 126.0291 45.1948 156.1567 148.0875 89.9195 68.8845 90.7554 75.4890 111.5141 125.1558 105.4292 124.2910 200.1403 152.0369 0.0000 22.0297 78.9234 76.4366 88.8364 240.7233 118.1295 128.4739 93.1539 68.0410 171.4421 119.0232 212.3123 73.3337 87.7583
146.1267 235.6026 69.4179 39.8807 105.2551 71.3234 62.2850 208.8533 143.2529 84.6446 133.5551 162.2130 176.1080 92.3775 113.3706 22.0297 0.0000 105.8841 74.4762 116.3993 48.0240 44.6935 48.1026 17.3612 40.0761 43.3287 81.6501 77.4690 69.6147 13.9123
81.6571 56.3888 181.5991 58.8355 165.7505 61.3978 19.4528 133.1492 165.4320 60.2058 54.9740 141.5357 109.6338 11.7160 69.9178 78.9234 105.8841 0.0000 121.1285 99.5974 152.3659 85.2947 67.8541 134.4805 38.6622 167.6656 88.6632 54.8564 137.9451 104.1383
137.4830 86.4709 15.5906 27.1120 128.3446 111.5675 152.0135 145.5766 133.7353 176.9015 142.5391 145.8188 50.7629 102.5693 65.2132 76.4366 74.4762 121.1285 0.0000 116.9283 225.5329 138.8140 101.3648 171.1838 76.1505 94.8313 73.3778 30.7675 106.1324 178.9632
10.0111 100.2139 43.9654 75.7928 80.5260 113.2512 189.4017 96.3325 72.8256 130.9769 126.6089 106.3536 108.1288 180.8313 38.3026 88.8364 116.3993 99.5974 116.9283 0.0000 133.9678 90.3359 136.5076 122.9849 133.3632 82.0773 112.4768 29.4105 125.3299 14.0707
70.9191 130.7970 0.8016 54.0873 145.9031 132.7572 110.4613 160.4931 23.3111 98.2442 188.4536 149.0815 141.7976 175.0653 48.8923 240.7233 48.0240 152.3659 225.5329 133.9678 0.0000 39.9926 169.4994 17.2621 22.6717 37.7468 13.4382 61.3083 146.8729 109.9543
183.6523 158.8703 176.1420 85.4741 93.2404 2.9051 35.2735 62.1523 146.7940 67.8046 121.5268 189.5627 115.5767 61.6127 138.7050 118.1295 44.6935 85.2947 138.8140 90.3359 39.9926 0.0000 166.6378 198.5776 63.7954 60.9505 223.2710 51.5165 111.9732 146.0269
100.5749 33.3249 112.2266 196.5940 64.4684 310.6983 132.0894 36.5506 105.2400 84.5013 113.7473 98.9014 218.8783 46.4858 14.1549 128.4739 48.1026 67.8541 101.3648 136.5076 169.4994 166.6378 0.0000 150.7378 119.3983 108.7836 189.0731 50.7251 192.2316 104.1898
95.1099 20.2640 47.9359 113.9158 87.5212 120.8965 104.4748 59.3457 58.4556 90.6563 64.8091 175.7322 151.7587 84.3557 14.4018 93.1539 17.3612 134.4805 171.1838 122.9849 17.2621 198.5776 150.7378 0.0000 49.5319 207.2937 126.0386 99.5707 49.0727 106.3885
131.9089 142.3280 206.6131 138.7900 25.0182 57.9155 129.2310 155.0707 108.8771 71.9066 78.5959 109.4568 122.8782 82.9196 185.6531 68.0410 40.0761 38.6622 76.1505 133.3632 22.6717 63.7954 119.3983 49.5319 0.0000 32.1926 148.4721 85.5313 106.5434 69.0057
117.0141 127.2494 85.1247 85.8106 142.3611 6.1862 138.6715 145.0537 42.7340 142.8404 156.6226 124.7401 149.3589 90.7880 22.4928 171.4421 43.3287 167.6656 94.8313 82.0773 37.7468 60.9505 108.7836 207.2937 32.1926 0.0000 125.1431 89.9917 111.3185 194.1173
141.0107 185.5716 159.4801 93.0503 142.2104 120.2767 32.6168 43.5812 104.7007 141.1444 129.2301 32.5133 129.3103 96.6000 148.7041 119.0232 81.6501 88.6632 73.3778 112.4768 13.4382 223.2710 189.0731 126.0386 148.4721 125.1431 0.0000 186.3628 96.1246 210.3531
123.2327 58.4634 37.1007 143.1009 96.7723 121.3409 129.7936 166.1540 57.2020 191.7221 77.2172 17.7542 86.2897 110.6416 8.0432 212.3123 77.4690 54.8564 30.7675 29.4105 61.3083 51.5165 50.7251 99.5707 85.5313 89.9917 186.3628 0.0000 115.8586 169.7810
151.4554 63.3006 84.3100 169.0632 187.6757 94.0276 127.0007 104.0042 20.6779 141.6098 19.8160 65.2599 100.6888 68.1047 120.5105 73.3337 69.6147 137.9451 106.1324 125.3299 146.8729 111.9732 192.2316 49.0727 106.5434 111.3185 96.1246 115.8586 0.0000 0.0357
70.8923 67.7041 64.7262 182.0837 76.4749 148.7606 145.3783 22.8296 144.2969 145.7399 9.7062 230.7239 71.9549 37.0920 96.8342 87.7583 13.9123 104.1383 178.9632 14.0707 109.9543 146.0269 104.1898 106.3885 69.0057 194.1173 210.3531 169.7810 0.0357 0.0000
