20
0.0000 50.9732 86.5144 31.3799 81.6356 130.2990 78.1598 24.4334 64.2997 112.0181 77.8850 163.9663 48.3184 173.4925 79.7296 235.9176 11.4413 88.1125 134.3613 140.4664
50.9732 0.0000 261.1814 246.9388 54.1833 246.9821 19.5411 60.9566 96.3970 80.8012 100.1080 115.6828 155.5223 36.3891 115.9602 25.1894 66.9730 17.8444 42.7833 81.7707
86.5144 261.1814 0.0000 26.3686 118.5092 9.3288 129.4216 120.4166 179.0335 44.0209 55.2108 11.3816 71.6378 57.7370 16.9705 60.6552 134.2628 151.5705 71.5746 13.9699
31.3799 246.9388 26.3686 0.0000 105.7634 132.3872 136.9385 163.2290 83.7934 76.2473 159.2646 170.5256 84.0180 110.3083 112.4444 36.5873 130.0721 33.3520 209.7637 129.3331
81.6356 54.1833 118.5092 105.7634 0.0000 125.8919 267.6725 194.3334 226.4122 33.1763 107.4421 174.1747 156.1777 200.2144 1.7476 105.0662 158.8306 138.4229 86.9807 30.0463
130.2990 246.9821 9.3288 132.3872 125.8919 0.0000 169.1309 23.3186 43.4069 120.1439 24.5214 236.5651 7.0714 79.7265 83.2407 117.9060 152.7878 2.2699 115.9003 54.4296
78.1598 19.5411 129.4216 136.9385 267.6725 169.1309 0.0000 126.8353 107.3877 133.5742 166.3587 42.8624 169.8938 36.3850 154.5742 195.9676 120.4138 89.6145 120.2870 102.5659
24.4334 60.9566 120.4166 163.2290 194.3334 23.3186 126.8353 0.0000 92.4036 91.2007 178.8453 139.0258 75.9015 83.4805 160.9887 141.0068 166.4567 160.0712 157.2078 111.5549
64.2997 96.3970 179.0335 83.7934 226.4122 43.4069 107.3877 92.4036 0.0000 18.6369 44.6243 24.7009 17.3974 27.9986 153.6164 126.8461 126.0332 120.3370 172.8416 100.6074
112.0181 80.8012 44.0209 76.2473 33.1763 120.1439 133.5742 91.2007 18.6369 0.0000 134.2499 8.4105 191.1496 47.5545 86.4648 8.3952 150.1532 128.8400 61.4220 138.1593
77.8850 100.1080 55.2108 159.2646 107.4421 24.5214 166.3587 178.8453 44.6243 134.2499 0.0000 61.3490 99.7409 19.5907 136.8387 2.1325 201.3907 122.7254 153.3092 129.0840
163.9663 115.6828 11.3816 170.5256 174.1747 236.5651 42.8624 139.0258 24.7009 8.4105 61.3490 0.0000 155.0018 178.2222 76.8671 170.0929 43.8330 22.0490 141.5912 128.5602
48.3184 155.5223 71.6378 84.0180 156.1777 7.0714 169.8938 75.9015 17.3974 191.1496 99.7409 155.0018 0.0000 103.5191 69.5713 124.0625 33.3026 92.2333 20.2071 117.1607
173.4925 36.3891 57.7370 110.3083 200.2144 79.7265 36.3850 83.4805 27.9986 47.5545 19.5907 178.2222 103.5191 0.0000 87.9674 32.6251 129.5203 110.7363 137.7021 102.7831
79.7296 115.9602 16.9705 112.4444 1.7476 83.2407 154.5742 160.9887 153.6164 86.4648 136.8387 76.8671 69.5713 87.9674 0.0000 113.0523 82.3290 56.3343 150.5283 70.2340
235.9176 25.1894 60.6552 36.5873 105.0662 117.9060 195.9676 141.0068 126.8461 8.3952 2.1325 170.0929 124.0625 32.6251 113.0523 0.0000 56.6932 204.2882 40.2822 70.4418
11.4413 66.9730 134.2628 130.0721 158.8306 152.7878 120.4138 166.4567 126.0332 150.1532 201.3907 43.8330 33.3026 129.5203 82.3290 56.6932 0.0000 174.9885 70.7605 177.3384
88.1125 17.8444 151.5705 33.3520 138.4229 2.2699 89.6145 160.0712 120.3370 128.8400 122.7254 22.0490 92.2333 110.7363 56.3343 204.2882 174.9885 0.0000 77.6049 102.7204
134.3613 42.7833 71.5746 209.7637 86.9807 115.9003 120.2870 157.2078 172.8416 61.4220 153.3092 141.5912 20.2071 137.7021 150.5283 40.2822 70.7605 77.6049 0.0000 81.9227
140.4664 81.7707 13.9699 129.3331 30.0463 54.4296 102.5659 111.5549 100.6074 138.1593 129.0840 128.5602 117.1607 102.7831 70.2340 70.4418 177.3384 102.7204 81.9227 0.0000
