20
0.0000 21.7419 80.1955 176.0309 216.2543 96.9363 122.8126 134.4627 152.8509 69.4176 101.4077 54.2046 82.9450 126.2090 181.6830 140.4083 87.3814 34.5021 130.8703 40.2951
21.7419 0.0000 91.7613 96.1663 144.7082 54.4085 111.4613 125.3892 54.8167 161.1043 143.7131 72.3794 75.8110 66.0329 98.0503 188.3770 192.6021 83.0770 55.9571 194.9910
80.1955 91.7613 0.0000 74.7024 82.6528 224.2879 158.6263 52.1110 159.4558 119.5173 56.6104 191.8119 191.7624 152.9261 107.9192 153.2311 168.5821 107.1569 88.7895 109.0622
176.0309 96.1663 74.7024 0.0000 126.1754 44.4363 76.5472 179.6910 115.7658 119.5112 91.1040 76.0616 60.0973 188.8783 45.4992 70.0023 36.9317 72.5677 58.3899 85.4457
216.2543 144.7082 82.6528 126.1754 0.0000 1.0173 148.6691 110.0881 133.7714 160.1552 77.8587 141.1922 123.0496 48.1405 13.7524 77.6084 175.4212 123.8195 17.9306 84.9499
96.9363 54.4085 224.2879 44.4363 1.0173 0.0000 43.7710 144.2064 70.6443 121.4037 74.6411 110.3038 17.4490 45.2659 30.6255 127.7538 43.6146 92.6041 97.5915 51.4970
122.8126 111.4613 158.6263 76.5472 148.6691 43.7710 0.0000 98.7780 50.0562 170.1747 160.5591 166.7240 6.1743 41.4668 177.0356 199.1287 176.6601 134.6481 160.6845 45.3063
134.4627 125.3892 52.1110 179.6910 110.0881 144.2064 98.7780 0.0000 63.1103 81.7348 136.7345 69.2712 55.8126 12.8199 34.1881 179.9061 110.6040 84.2087 33.8806 76.6206
152.8509 54.8167 159.4558 115.7658 133.7714 70.6443 50.0562 63.1103 0.0000 38.4509 133.9896 66.2446 43.3653 130.0133 32.3968 78.1330 53.9806 76.5915 52.0122 163.6439
69.4176 161.1043 119.5173 119.5112 160.1552 121.4037 170.1747 81.7348 38.4509 0.0000 138.8299 106.7002 126.8728 225.9513 146.3246 46.3183 16.2505 18.1539 108.8095 111.4929
101.4077 143.7131 56.6104 91.1040 77.8587 74.6411 160.5591 136.7345 133.9896 138.8299 0.0000 39.0985 96.1994 117.0026 168.5139 238.9976 77.1371 34.6428 109.9857 52.6194
54.2046 72.3794 191.8119 76.0616 141.1922 110.3038 166.7240 69.2712 66.2446 106.7002 39.0985 0.0000 197.5934 122.3235 100.0629 67.6381 116.9339 170.3357 48.3144 29.4067
82.9450 75.8110 191.7624 60.0973 123.0496 17.4490 6.1743 55.8126 43.3653 126.8728 96.1994 197.5934 0.0000 72.1789 121.8078 121.4122 121.0928 101.6633 42.8641 103.2662
126.2090 66.0329 152.9261 188.8783 48.1405 45.2659 41.4668 12.8199 130.0133 225.9513 117.0026 122.3235 72.1789 0.0000 74.1615 190.6289 105.8236 146.3090 213.4014 74.6135
181.6830 98.0503 107.9192 45.4992 13.7524 30.6255 177.0356 34.1881 32.3968 146.3246 168.5139 100.0629 121.8078 74.1615 0.0000 38.5931 89.5235 132.4175 67.1125 63.2535
140.4083 188.3770 153.2311 70.0023 77.6084 127.7538 199.1287 179.9061 78.1330 46.3183 238.9976 67.6381 121.4122 190.6289 38.5931 0.0000 123.7053 77.1043 67.5750 107.3963
87.3814 192.6021 168.5821 36.9317 175.4212 43.6146 176.6601 110.6040 53.9806 16.2505 77.1371 116.9339 121.0928 105.8236 89.5235 123.7053 0.0000 200.8725 45.2560 101.5989
34.5021 83.0770 107.1569 72.5677 123.8195 92.6041 134.6481 84.2087 76.5915 18.1539 34.6428 170.3357 101.6633 146.3090 132.4175 77.1043 200.8725 0.0000 91.8650 47.1652
130.8703 55.9571 88.7895 58.3899 17.9306 97.5915 160.6845 33.8806 52.0122 108.8095 109.9857 48.3144 42.8641 213.4014 67.1125 67.5750 45.2560 91.8650 0.0000 4.3297
40.2951 194.9910 109.0622 85.4457 84.9499 51.4970 45.3063 76.6206 163.6439 111.4929 52.6194 29.4067 103.2662 74.6135 63.2535 107.3963 101.5989 47.1652 4.3297 0.0000
