20
0.0000 45.0205 11.0035 148.1142 29.7440 121.1430 46.6602 42.3948 151.7394 106.0953 100.7010 47.6909 171.8028 108.8078 18.3168 130.9718 291.5014 77.8692 118.8608 78.7391
45.0205 0.0000 27.9733 74.3926 172.4891 72.1806 116.9420 132.4270 63.2345 180.1896 61.7849 82.5348 89.7917 60.7217 112.3046 127.0878 117.6565 37.6521 180.3380 134.7898
11.0035 27.9733 0.0000 48.5971 4.2445 132.5683 111.5649 244.2092 54.7485 57.7188 28.0404 58.8896 133.1583 51.9636 173.9022 85.7604 209.3161 22.9639 63.8470 169.3372
148.1142 74.3926 48.5971 0.0000 89.9775 124.7642 38.4066 177.7405 129.4681 172.3347 160.0042 242.3715 89.9401 24.1310 170.5466 9.7439 123.8397 17.7323 122.4208 62.3042
29.7440 172.4891 4.2445 89.9775 0.0000 60.5358 122.4277 46.8720 140.5523 37.2842 89.1166 102.7069 111.5331 135.9007 72.5943 49.8456 182.1028 123.2583 152.5031 90.0481
121.1430 72.1806 132.5683 124.7642 60.5358 0.0000 91.5515 215.9985 32.3669 19.7427 116.5717 79.1618 155.2060 188.5787 103.4203 104.1280 129.9852 29.9809 107.8344 129.5377
46.6602 116.9420 111.5649 38.4066 122.4277 91.5515 0.0000 120.7202 178.9865 118.4733 25.9686 7.8020 142.3520 154.9328 269.9037 22.2285 152.3563 193.1998 221.3696 44.1039
42.3948 132.4270 244.2092 177.7405 46.8720 215.9985 120.7202 0.0000 126.7174 152.1223 144.9512 66.2320 50.2767 133.9335 105.8817 125.5401 42.6374 170.6302 132.2159 48.0993
151.7394 63.2345 54.7485 129.4681 140.5523 32.3669 178.9865 126.7174 0.0000 52.4804 37.1632 121.1003 50.7673 112.5457 7.6246 105.7896 47.5196 160.4578 195.5958 118.6597
106.0953 180.1896 57.7188 172.3347 37.2842 19.7427 118.4733 152.1223 52.4804 0.0000 188.7190 19.3035 46.4885 148.8722 99.5173 52.0603 154.1175 75.2167 40.8589 155.8613
100.7010 61.7849 28.0404 160.0042 89.1166 116.5717 25.9686 144.9512 37.1632 188.7190 0.0000 137.8688 122.1475 68.3733 144.5175 23.4377 44.8998 76.8765 166.6588 108.7383
47.6909 82.5348 58.8896 242.3715 102.7069 79.1618 7.8020 66.2320 121.1003 19.3035 137.8688 0.0000 200.9850 157.1981 140.6445 42.8834 144.5718 126.7994 194.5022 168.7332
171.8028 89.7917 133.1583 89.9401 111.5331 155.2060 142.3520 50.2767 50.7673 46.4885 122.1475 200.9850 0.0000 99.2247 94.6943 40.6594 2.1198 31.8438 94.8777 169.0067
108.8078 60.7217 51.9636 24.1310 135.9007 188.5787 154.9328 133.9335 112.5457 148.8722 68.3733 157.1981 99.2247 0.0000 114.3055 7.2769 108.5390 143.4225 71.4078 130.3543
18.3168 112.3046 173.9022 170.5466 72.5943 103.4203 269.9037 105.8817 7.6246 99.5173 144.5175 140.6445 94.6943 114.3055 0.0000 83.6348 45.3942 110.8634 182.8748 68.9456
130.9718 127.0878 85.7604 9.7439 49.8456 104.1280 22.2285 125.5401 105.7896 52.0603 23.4377 42.8834 40.6594 7.2769 83.6348 0.0000 80.4853 93.4603 197.9887 71.1646
291.5014 117.6565 209.3161 123.8397 182.1028 129.9852 152.3563 42.6374 47.5196 154.1175 44.8998 144.5718 2.1198 108.5390 45.3942 80.4853 0.0000 15.0402 136.5518 82.8866
77.8692 37.6521 22.9639 17.7323 123.2583 29.9809 193.1998 170.6302 160.4578 75.2167 76.8765 126.7994 31.8438 143.4225 110.8634 93.4603 15.0402 0.0000 90.0069 19.6645
118.8608 180.3380 63.8470 122.4208 152.5031 107.8344 221.3696 132.2159 195.5958 40.8589 166.6588 194.5022 94.8777 71.4078 182.8748 197.9887 136.5518 90.0069 0.0000 48.2309
78.7391 134.7898 169.3372 62.3042 90.0481 129.5377 44.1039 48.0993 118.6597 155.8613 108.7383 168.7332 169.0067 130.3543 68.9456 71.1646 82.8866 19.6645 48.2309 0.0000
