21
0.0000 145.8985 68.8499 129.0593 137.6329 113.3682 166.0661 48.7546 50.6442 71.8540 93.1987 56.6955 201.1576 30.5619 102.4100 38.1094 88.9117 69.2593 154.2386 116.3500 173.3530
145.8985 0.0000 12.4963 11.1367 115.2872 34.3445 91.0471 64.6521 54.9966 125.3763 130.5572 143.6096 144.4957 204.1103 75.4511 21.9510 172.1736 121.5078 66.4417 107.5305 158.1452
68.8499 12.4963 0.0000 73.0210 79.2610 37.8509 199.2046 133.0936 83.7282 94.5285 128.7967 80.4601 131.9675 89.4092 60.4309 60.9441 56.4377 38.5060 111.2942 91.6194 98.0084
129.0593 11.1367 73.0210 0.0000 40.3260 77.5950 33.4093 90.3752 112.4006 83.0600 120.9723 175.2310 57.5309 55.0137 134.4938 155.5263 58.8116 108.0576 152.6773 141.9155 99.5869
137.6329 115.2872 79.2610 40.3260 0.0000 111.4734 104.7683 46.2930 35.0666 41.9516 19.1869 181.4247 95.0298 150.2813 172.8046 95.9093 62.3255 37.2976 132.1630 258.6742 156.6486
113.3682 34.3445 37.8509 77.5950 111.4734 0.0000 33.1060 112.3902 148.8536 118.6907 94.6671 87.5225 44.2721 82.8206 80.7897 70.2683 201.3177 10.9494 194.7514 108.8584 82.5566
166.0661 91.0471 199.2046 33.4093 104.7683 33.1060 0.0000 130.3899 89.6292 142.2865 59.2651 146.2670 55.3377 77.9059 27.3524 89.8159 103.0567 138.7510 125.0957 19.8902 100.0189
48.7546 64.6521 133.0936 90.3752 46.2930 112.3902 130.3899 0.0000 163.3480 98.2319 120.3557 92.5850 56.7760 167.1051 92.2499 85.7139 121.0596 56.6452 18.0394 39.7015 170.0192
50.6442 54.9966 83.7282 112.4006 35.0666 148.8536 89.6292 163.3480 0.0000 116.2580 21.0708 36.7881 75.9127 100.8827 58.1714 147.0348 94.3803 81.8587 117.8480 136.8254 105.8292
71.8540 125.3763 94.5285 83.0600 41.9516 118.6907 142.2865 98.2319 116.2580 0.0000 117.9565 125.0514 9.1963 138.8836 63.7946 58.1830 154.3437 106.8429 66.9449 84.1827 98.2771
93.1987 130.5572 128.7967 120.9723 19.1869 94.6671 59.2651 120.3557 21.0708 117.9565 0.0000 64.0847 110.8013 180.2749 115.6577 72.1952 139.1484 194.2531 32.5279 197.0548 209.3048
56.6955 143.6096 80.4601 175.2310 181.4247 87.5225 146.2670 92.5850 36.7881 125.0514 64.0847 0.0000 57.6840 112.6899 95.4506 172.0411 94.3540 119.8952 68.9929 76.6096 14.4302
201.1576 144.4957 131.9675 57.5309 95.0298 44.2721 55.3377 56.7760 75.9127 9.1963 110.8013 57.6840 0.0000 179.8217 88.2065 90.6914 28.6082 39.9858 21.2653 105.9452 104.3945
30.5619 204.1103 89.4092 55.0137 150.2813 82.8206 77.9059 167.1051 100.8827 138.8836 180.2749 112.6899 179.8217 0.0000 39.5683 53.1962 83.3541 89.8205 204.9676 76.2928 107.2501
102.4100 75.4511 60.4309 134.4938 172.8046 80.7897 27.3524 92.2499 58.1714 63.7946 115.6577 95.4506 88.2065 39.5683 0.0000 141.4193 63.0452 160.3966 203.8223 71.3804 122.8019
38.1094 21.9510 60.9441 155.5263 95.9093 70.2683 89.8159 85.7139 147.0348 58.1830 72.1952 172.0411 90.6914 53.1962 141.4193 0.0000 70.8229 72.0523 130.2060 83.4265 69.5757
88.9117 172.1736 56.4377 58.8116 62.3255 201.3177 103.0567 121.0596 94.3803 154.3437 139.1484 94.3540 28.6082 83.3541 63.0452 70.8229 0.0000 97.1598 151.1479 109.0061 79.8002
69.2593 121.5078 38.5060 108.0576 37.2976 10.9494 138.7510 56.6452 81.8587 106.8429 194.2531 119.8952 39.9858 89.8205 160.3966 72.0523 97.1598 0.0000 44.8855 101.1824 20.7198
154.2386 66.4417 111.2942 152.6773 132.1630 194.7514 125.0957 18.0394 117.8480 66.9449 32.5279 68.9929 21.2653 204.9676 203.8223 130.2060 151.1479 44.8855 0.0000 139.3671 145.6070
116.3500 107.5305 91.6194 141.9155 258.6742 108.8584 19.8902 39.7015 136.8254 84.1827 197.0548 76.6096 105.9452 76.2928 71.3804 83.4265 109.0061 101.1824 139.3671 0.0000 119.6331
173.3530 158.1452 98.0084 99.5869 156.6486 82.5566 100.0189 170.0192 105.8292 98.2771 209.3048 14.4302 104.3945 107.2501 122.8019 69.5757 79.8002 20.7198 145.6070 119.6331 0.0000
