21
0.0000 108.9017 117.8573 89.5416 136.4919 170.1746 51.6588 202.0744 99.4362 159.9723 160.9685 93.1001 47.8812 61.3658 44.2501 163.8071 58.1517 165.9462 114.6247 86.8330 91.7164
108.9017 0.0000 127.3775 132.7436 172.9998 101.2925 210.5863 89.3568 48.8181 19.5165 92.5524 46.3560 124.2149 17.3594 138.2290 41.8920 63.6077 207.8592 86.3325 91.6611 126.0901
117.8573 127.3775 0.0000 119.4245 34.7732 71.4614 128.4512 215.0758 78.3304 45.1600 122.4676 124.2867 161.7582 44.6992 134.2725 126.4998 57.1967 121.0511 84.0090 14.4713 150.7663
89.5416 132.7436 119.4245 0.0000 70.5212 117.5346 78.2894 88.3544 157.5015 68.9072 128.7500 109.7723 5.2553 169.2568 30.4208 153.4965 62.6423 107.9016 116.3284 105.4051 125.4599
136.4919 172.9998 34.7732 70.5212 0.0000 93.6165 118.7849 76.4266 40.9308 102.9323 133.4581 59.7071 60.6292 76.6450 201.0486 88.6973 152.7987 62.4125 128.5505 16.4501 29.8906
170.1746 101.2925 71.4614 117.5346 93.6165 0.0000 114.5603 213.3562 89.4255 142.9604 128.4764 70.2814 160.8269 107.2744 69.1273 6.7972 208.1950 227.8983 170.6942 51.6332 43.5731
51.6588 210.5863 128.4512 78.2894 118.7849 114.5603 0.0000 129.5612 83.1988 86.3598 111.1719 18.5278 115.4636 127.3689 165.5851 50.3034 100.7872 82.3570 212.7055 99.0479 121.2946
202.0744 89.3568 215.0758 88.3544 76.4266 213.3562 129.5612 0.0000 160.9328 122.4564 4.2641 160.5853 45.2207 125.0520 88.5635 118.7116 155.7668 130.4445 207.0787 190.4841 101.3946
99.4362 48.8181 78.3304 157.5015 40.9308 89.4255 83.1988 160.9328 0.0000 54.0164 66.1206 100.4622 12.1463 56.6913 104.8286 115.6248 142.0689 213.9444 24.1148 155.3056 93.1642
159.9723 19.5165 45.1600 68.9072 102.9323 142.9604 86.3598 122.4564 54.0164 0.0000 54.4141 209.1071 108.2578 103.6229 110.7544 171.5238 117.5029 67.9953 65.9815 117.0107 90.3940
160.9685 92.5524 122.4676 128.7500 133.4581 128.4764 111.1719 4.2641 66.1206 54.4141 0.0000 43.3445 84.7768 241.2463 106.7563 195.1167 60.1379 214.3572 112.2743 80.6251 39.2170
93.1001 46.3560 124.2867 109.7723 59.7071 70.2814 18.5278 160.5853 100.4622 209.1071 43.3445 0.0000 179.2658 48.8781 129.1121 113.7507 105.7070 4.1637 60.9069 59.7545 141.7147
47.8812 124.2149 161.7582 5.2553 60.6292 160.8269 115.4636 45.2207 12.1463 108.2578 84.7768 179.2658 0.0000 111.5747 84.3404 0.3219 195.3271 59.0867 102.0255 37.7634 164.2975
61.3658 17.3594 44.6992 169.2568 76.6450 107.2744 127.3689 125.0520 56.6913 103.6229 241.2463 48.8781 111.5747 0.0000 159.7175 95.1965 89.6685 130.3075 120.0260 97.4814 53.0413
44.2501 138.2290 134.2725 30.4208 201.0486 69.1273 165.5851 88.5635 104.8286 110.7544 106.7563 129.1121 84.3404 159.7175 0.0000 221.6039 100.3488 55.4319 59.0281 66.9769 89.9434
163.8071 41.8920 126.4998 153.4965 88.6973 6.7972 50.3034 118.7116 115.6248 171.5238 195.1167 113.7507 0.3219 95.1965 221.6039 0.0000 147.4232 62.0296 227.0585 121.4237 66.6917
58.1517 63.6077 57.1967 62.6423 152.7987 208.1950 100.7872 155.7668 142.0689 117.5029 60.1379 105.7070 195.3271 89.6685 100.3488 147.4232 0.0000 84.0928 109.9770 147.0004 157.5567
165.9462 207.8592 121.0511 107.9016 62.4125 227.8983 82.3570 130.4445 213.9444 67.9953 214.3572 4.1637 59.0867 130.3075 55.4319 62.0296 84.0928 0.0000 97.5354 3.6322 138.3457
114.6247 86.3325 84.0090 116.3284 128.5505 170.6942 212.7055 207.0787 24.1148 65.9815 112.2743 60.9069 102.0255 120.0260 59.0281 227.0585 109.9770 97.5354 0.0000 83.4660 62.1124
86.8330 91.6611 14.4713 105.4051 16.4501 51.6332 99.0479 190.4841 155.3056 117.0107 80.6251 59.7545 37.7634 97.4814 66.9769 121.4237 147.0004 3.6322 83.4660 0.0000 112.6211
91.7164 126.0901 150.7663 125.4599 29.8906 43.5731 121.2946 101.3946 93.1642 90.3940 39.2170 141.7147 164.2975 53.0413 89.9434 66.6917 157.5567 138.3457 62.1124 112.6211 0.0000
