20
0.0000 163.3761 231.1434 227.1429 75.8263 112.9145 12.0929 137.8744 155.7913 30.8087 135.3479 26.5134 95.0251 32.1873 36.4857 91.8075 28.8830 44.1411 150.0729 89.7068
163.3761 0.0000 82.3708 34.0051 126.2934 200.6083 109.7312 124.5499 63.0297 130.2041 108.8518 108.3878 187.2956 13.1205 92.1964 0.8728 155.3964 96.9722 118.4716 43.0417
231.1434 82.3708 0.0000 106.5582 38.2516 202.7175 94.5215 98.4218 56.3892 141.4388 91.2777 161.7542 85.8250 230.0228 51.2253 125.0679 96.7841 130.0100 98.8424 63.5257
227.1429 34.0051 106.5582 0.0000 95.7915 148.0275 63.9163 111.3314 200.9538 61.1245 70.4956 14.6020 132.8222 58.3047 43.5567 136.7857 67.8508 42.0073 75.4033 39.4493
75.8263 126.2934 38.2516 95.7915 0.0000 17.7420 100.0275 170.1606 154.8732 205.0479 130.2841 85.6620 72.5373 102.0195 98.2422 14.6409 71.9453 103.6928 37.5440 163.0773
112.9145 200.6083 202.7175 148.0275 17.7420 0.0000 55.8981 56.8248 146.2732 100.0475 95.3532 229.9190 66.2605 6.4915 156.6057 127.2306 166.7214 84.4160 71.2403 97.4469
12.0929 109.7312 94.5215 63.9163 100.0275 55.8981 0.0000 57.8723 291.3001 95.2816 130.9506 7.4453 22.2979 140.9063 155.3858 6.6025 109.8838 163.4415 182.1391 126.1005
137.8744 124.5499 98.4218 111.3314 170.1606 56.8248 57.8723 0.0000 183.0790 134.6648 58.8754 46.5196 100.7041 173.0606 90.0653 143.7291 79.6874 112.6817 120.8646 243.6603
155.7913 63.0297 56.3892 200.9538 154.8732 146.2732 291.3001 183.0790 0.0000 140.1945 59.9122 172.4248 88.0213 163.5160 82.0972 83.1018 167.0608 134.8278 46.9260 106.2982
30.8087 130.2041 141.4388 61.1245 205.0479 100.0475 95.2816 134.6648 140.1945 0.0000 164.8878 86.0868 39.0893 112.2907 191.9917 40.1671 45.8072 141.6132 105.4194 172.9150
135.3479 108.8518 91.2777 70.4956 130.2841 95.3532 130.9506 58.8754 59.9122 164.8878 0.0000 46.6325 77.1758 90.2549 106.7678 135.0273 85.0840 61.5667 126.1470 39.1316
26.5134 108.3878 161.7542 14.6020 85.6620 229.9190 7.4453 46.5196 172.4248 86.0868 46.6325 0.0000 6.4000 189.7956 27.5788 97.4612 50.7717 90.1490 98.6145 135.7957
95.0251 187.2956 85.8250 132.8222 72.5373 66.2605 22.2979 100.7041 88.0213 39.0893 77.1758 6.4000 0.0000 111.8640 37.0830 129.5237 75.1631 143.3420 87.6386 132.5626
32.1873 13.1205 230.0228 58.3047 102.0195 6.4915 140.9063 173.0606 163.5160 112.2907 90.2549 189.7956 111.8640 0.0000 42.6361 88.4019 3.6956 53.4484 65.5939 176.0918
36.4857 92.1964 51.2253 43.5567 98.2422 156.6057 155.3858 90.0653 82.0972 191.9917 106.7678 27.5788 37.0830 42.6361 0.0000 152.7811 181.6686 144.0245 143.8247 185.8055
91.8075 0.8728 125.0679 136.7857 14.6409 127.2306 6.6025 143.7291 83.1018 40.1671 135.0273 97.4612 129.5237 88.4019 152.7811 0.0000 105.2502 117.4716 106.8590 152.1440
28.8830 155.3964 96.7841 67.8508 71.9453 166.7214 109.8838 79.6874 167.0608 45.8072 85.0840 50.7717 75.1631 3.6956 181.6686 105.2502 0.0000 245.1896 67.0094 85.8190
44.1411 96.9722 130.0100 42.0073 103.6928 84.4160 163.4415 112.6817 134.8278 141.6132 61.5667 90.1490 143.3420 53.4484 144.0245 117.4716 245.1896 0.0000 152.5480 43.3770
150.0729 118.4716 98.8424 75.4033 37.5440 71.2403 182.1391 120.8646 46.9260 105.4194 126.1470 98.6145 87.6386 65.5939 143.8247 106.8590 67.0094 152.5480 0.0000 150.2767
89.7068 43.0417 63.5257 39.4493 163.0773 97.4469 126.1005 243.6603 106.2982 172.9150 39.1316 135.7957 132.5626 176.0918 185.8055 152.1440 85.8190 43.3770 150.2767 0.0000
