20
0.0000 121.1733 70.6254 79.8454 114.4757 197.8473 210.6317 122.2801 113.5504 171.7422 181.9477 189.2729 126.3000 183.0873 23.9264 103.6995 123.5799 117.4541 134.4000 91.9053
121.1733 0.0000 11.2670 68.7489 121.9656 112.9957 163.5511 117.4242 76.9138 157.0149 138.3167 32.1314 39.3853 22.9757 139.2922 101.3995 89.5542 98.3962 80.9185 103.9550
70.6254 11.2670 0.0000 122.2636 38.3777 30.5740 156.1278 95.3100 157.7482 211.1759 123.8368 89.9942 208.5884 84.4034 18.5975 66.5147 172.8128 62.9112 279.0083 49.3933
79.8454 68.7489 122.2636 0.0000 77.6224 80.1499 103.4182 136.0539 123.5264 158.1823 124.9104 104.8303 72.2777 67.2680 177.7561 126.9027 122.5690 61.3845 122.0592 78.3795
114.4757 121.9656 38.3777 77.6224 0.0000 132.8549 108.8572 182.4522 199.7204 45.2144 101.0472 100.1044 151.8292 181.0162 61.8641 88.8079 166.8832 28.3804 146.6691 79.3778
197.8473 112.9957 30.5740 80.1499 132.8549 0.0000 185.2111 183.6860 92.4235 46.1583 89.6036 44.9683 77.8278 46.9814 5.1285 194.8568 90.0117 105.7681 54.9255 191.4885
210.6317 163.5511 156.1278 103.4182 108.8572 185.2111 0.0000 87.0031 154.0578 60.2168 125.2099 46.9497 276.9991 87.8498 157.2422 47.1312 32.1050 152.9757 137.2349 26.1082
122.2801 117.4242 95.3100 136.0539 182.4522 183.6860 87.0031 0.0000 42.4489 95.3632 48.2083 101.7697 38.2740 118.8988 104.0330 130.2843 10.0879 64.4659 189.2422 101.5858
113.5504 76.9138 157.7482 123.5264 199.7204 92.4235 154.0578 42.4489 0.0000 51.8891 97.4170 54.9037 30.7406 223.7353 78.8869 144.9107 2.7720 44.1576 79.5550 48.4884
171.7422 157.0149 211.1759 158.1823 45.2144 46.1583 60.2168 95.3632 51.8891 0.0000 79.1484 109.8722 222.0326 128.1907 153.4698 60.0284 166.1115 143.0601 118.7671 112.3151
181.9477 138.3167 123.8368 124.9104 101.0472 89.6036 125.2099 48.2083 97.4170 79.1484 0.0000 97.5727 108.6313 44.2983 92.4970 173.4296 85.5417 108.5513 108.1877 100.2894
189.2729 32.1314 89.9942 104.8303 100.1044 44.9683 46.9497 101.7697 54.9037 109.8722 97.5727 0.0000 49.1202 39.3833 190.8568 80.4315 15.4992 86.0679 86.1920 146.6688
126.3000 39.3853 208.5884 72.2777 151.8292 77.8278 276.9991 38.2740 30.7406 222.0326 108.6313 49.1202 0.0000 30.5009 142.2750 160.1092 140.3420 57.9587 142.5379 127.9984
183.0873 22.9757 84.4034 67.2680 181.0162 46.9814 87.8498 118.8988 223.7353 128.1907 44.2983 39.3833 30.5009 0.0000 155.0328 27.8667 70.9805 74.3828 96.1736 75.8298
23.9264 139.2922 18.5975 177.7561 61.8641 5.1285 157.2422 104.0330 78.8869 153.4698 92.4970 190.8568 142.2750 155.0328 0.0000 54.5382 45.8697 107.4413 225.9994 170.5754
103.6995 101.3995 66.5147 126.9027 88.8079 194.8568 47.1312 130.2843 144.9107 60.0284 173.4296 80.4315 160.1092 27.8667 54.5382 0.0000 133.7690 30.3971 159.7583 126.7203
123.5799 89.5542 172.8128 122.5690 166.8832 90.0117 32.1050 10.0879 2.7720 166.1115 85.5417 15.4992 140.3420 70.9805 45.8697 133.7690 0.0000 63.5465 131.7776 38.9910
117.4541 98.3962 62.9112 61.3845 28.3804 105.7681 152.9757 64.4659 44.1576 143.0601 108.5513 86.0679 57.9587 74.3828 107.4413 30.3971 63.5465 0.0000 99.6288 154.1179
134.4000 80.9185 279.0083 122.0592 146.6691 54.9255 137.2349 189.2422 79.5550 118.7671 108.1877 86.1920 142.5379 96.1736 225.9994 159.7583 131.7776 99.6288 0.0000 133.1907
91.9053 103.9550 49.3933 78.3795 79.3778 191.4885 26.1082 101.5858 48.4884 112.3151 100.2894 146.6688 127.9984 75.8298 170.5754 126.7203 38.9910 154.1179 133.1907 0.0000
