20
0.0000 219.2226 100.6674 118.4156 16.1690 134.0133 96.6578 8.1359 165.5459 231.9078 37.7719 134.8472 134.6131 140.3203 172.8715 112.7924 105.3218 89.8830 91.6061 106.3906
219.2226 0.0000 171.7912 173.3709 146.2844 155.7521 44.9531 167.0815 30.2107 103.1750 65.0204 102.8415 92.7388 121.4768 75.6067 44.8270 92.6021 142.9848 34.1194 109.4015
100.6674 171.7912 0.0000 135.0749 114.1272 145.8587 53.6027 153.7175 44.7563 145.1702 69.4839 84.3520 133.3392 41.1601 43.8924 129.8936 141.3430 65.4040 101.4951 89.6719
118.4156 173.3709 135.0749 0.0000 82.0592 48.7515 91.2556 7.6144 183.2735 161.0923 91.0509 116.7566 83.8661 62.5875 116.1736 193.3218 42.6408 56.5543 22.9128 4.1079
16.1690 146.2844 114.1272 82.0592 0.0000 86.0879 190.0948 172.2506 52.3088 161.3962 209.9888 51.9323 81.3517 116.8455 2.2164 68.8796 127.3309 104.9643 84.3835 116.4350
134.0133 155.7521 145.8587 48.7515 86.0879 0.0000 78.9841 175.1531 173.1839 91.3072 107.4075 155.8571 39.0670 103.0759 56.2617 81.9977 84.3043 111.6954 61.9975 164.0030
96.6578 44.9531 53.6027 91.2556 190.0948 78.9841 0.0000 136.2717 189.6162 59.2066 75.4691 116.1510 199.2391 177.2732 102.4457 193.6368 79.9733 65.7837 194.6395 163.3357
8.1359 167.0815 153.7175 7.6144 172.2506 175.1531 136.2717 0.0000 142.8902 123.1160 142.7692 71.3789 51.8237 105.5401 103.6755 85.7470 47.9155 66.8649 59.4073 132.3304
165.5459 30.2107 44.7563 183.2735 52.3088 173.1839 189.6162 142.8902 0.0000 52.5055 151.5685 78.0770 189.7658 68.7131 99.9501 204.7411 163.4836 141.9000 144.0390 79.4108
231.9078 103.1750 145.1702 161.0923 161.3962 91.3072 59.2066 123.1160 52.5055 0.0000 182.2811 175.2447 60.7414 188.9213 98.4727 114.0833 222.8258 178.6238 79.0325 104.3183
37.7719 65.0204 69.4839 91.0509 209.9888 107.4075 75.4691 142.7692 151.5685 182.2811 0.0000 126.1454 3.3381 198.8265 132.5203 119.4549 139.7974 88.7607 121.9353 70.8058
134.8472 102.8415 84.3520 116.7566 51.9323 155.8571 116.1510 71.3789 78.0770 175.2447 126.1454 0.0000 39.2460 82.1157 34.7855 101.9761 152.0598 92.0811 150.0009 139.9799
134.6131 92.7388 133.3392 83.8661 81.3517 39.0670 199.2391 51.8237 189.7658 60.7414 3.3381 39.2460 0.0000 98.5529 26.3319 58.7459 138.9859 203.9632 124.4351 127.9659
140.3203 121.4768 41.1601 62.5875 116.8455 103.0759 177.2732 105.5401 68.7131 188.9213 198.8265 82.1157 98.5529 0.0000 84.3886 146.9075 82.9030 53.1861 45.3664 188.7755
172.8715 75.6067 43.8924 116.1736 2.2164 56.2617 102.4457 103.6755 99.9501 98.4727 132.5203 34.7855 26.3319 84.3886 0.0000 126.2134 104.8773 30.0417 238.0044 120.2450
112.7924 44.8270 129.8936 193.3218 68.8796 81.9977 193.6368 85.7470 204.7411 114.0833 119.4549 101.9761 58.7459 146.9075 126.2134 0.0000 207.0743 88.8842 37.0034 211.5265
105.3218 92.6021 141.3430 42.6408 127.3309 84.3043 79.9733 47.9155 163.4836 222.8258 139.7974 152.0598 138.9859 82.9030 104.8773 207.0743 0.0000 166.6176 27.1649 62.0163
89.8830 142.9848 65.4040 56.5543 104.9643 111.6954 65.7837 66.8649 141.9000 178.6238 88.7607 92.0811 203.9632 53.1861 30.0417 88.8842 166.6176 0.0000 140.4630 171.2751
91.6061 34.1194 101.4951 22.9128 84.3835 61.9975 194.6395 59.4073 144.0390 79.0325 121.9353 150.0009 124.4351 45.3664 238.0044 37.0034 27.1649 140.4630 0.0000 84.3926
106.3906 109.4015 89.6719 4.1079 116.4350 164.0030 163.3357 132.3304 79.4108 104.3183 70.8058 139.9799 127.9659 188.7755 120.2450 211.5265 62.0163 171.2751 84.3926 0.0000
