28
0.0000 208.6848 44.7793 26.6266 112.6668 191.3909 142.1914 89.0153 166.9230 46.9562 79.6971 77.5572 80.7543 10.4555 114.2693 123.7919 88.3414 37.6331 165.5971 131.3205 84.8347 238.8489 174.3229 37.8508 64.8025 212.0309 101.6895 87.3851
208.6848 0.0000 117.6961 122.1816 162.0707 184.3491 136.9888 105.0804 28.4039 117.6820 32.1484 92.2381 97.3433 168.4722 78.7609 13.7023 52.8794 135.8650 34.8052 47.6637 174.0748 53.6556 63.9547 113.9094 111.1342 93.4079 140.4163 165.4349
44.7793 117.6961 0.0000 97.7046 161.6423 89.3282 100.0762 83.6333 238.7584 170.5742 79.1210 92.8198 78.1335 16.6194 173.6506 64.6253 43.7984 111.1553 154.9284 153.6392 59.2622 100.6714 177.1482 104.6920 13.0010 36.5612 91.9545 149.3535
26.6266 122.1816 97.7046 0.0000 205.5734 154.6314 141.7102 133.0777 125.7754 160.9708 87.2084 104.8052 74.4014 13.3728 55.9666 54.5952 159.5599 158.7851 108.8021 98.0847 104.2094 47.8926 188.6918 96.5758 44.4818 211.1769 56.0029 92.2869
112.6668 162.0707 161.6423 205.5734 0.0000 81.4244 91.7630 88.4233 187.2968 165.5438 122.4527 19.8064 184.9046 180.5733 108.6470 108.0014 95.5349 138.2688 153.7588 14.6628 71.2695 231.2511 77.1193 220.6430 83.0810 79.5779 143.9663 4.2554
191.3909 184.3491 89.3282 154.6314 81.4244 0.0000 131.1740 154.1205 36.3638 163.3726 25.6594 82.7303 7.7790 143.7817 11.0659 143.2573 157.0102 147.1734 200.5654 0.5430 45.3950 95.6610 105.1453 92.1290 97.0354 131.3906 21.6484 21.4141
142.1914 136.9888 100.0762 141.7102 91.7630 131.1740 0.0000 107.5129 111.9060 175.8457 8.5091 126.9874 191.1108 140.7096 57.2401 120.6866 152.9198 27.6194 115.4862 102.9554 20.5535 56.9523 43.1618 79.6895 59.0936 130.5240 107.5167 81.9015
89.0153 105.0804 83.6333 133.0777 88.4233 154.1205 107.5129 0.0000 30.4453 58.3456 121.6646 253.9121 223.5130 172.7809 145.6102 148.7017 213.4379 6.1725 131.2215 95.2186 51.3121 61.4371 139.5448 145.0981 101.8306 184.8792 210.4258 180.5612
166.9230 28.4039 238.7584 125.7754 187.2968 36.3638 111.9060 30.4453 0.0000 133.3632 50.0222 108.9475 191.0614 155.3922 119.1897 51.2311 136.6205 70.9180 128.3458 163.2402 185.6725 108.4146 48.9660 35.3941 150.9993 212.1885 114.5908 140.2805
46.9562 117.6820 170.5742 160.9708 165.5438 163.3726 175.8457 58.3456 133.3632 0.0000 53.8231 236.9522 66.8342 110.9116 201.5114 162.3255 62.6919 49.5533 120.3625 141.2946 151.5811 94.3858 71.8444 151.0029 100.0506 148.6603 1.5949 21.2158
79.6971 32.1484 79.1210 87.2084 122.4527 25.6594 8.5091 121.6646 50.0222 53.8231 0.0000 111.7095 70.2253 86.1856 171.2982 142.8356 87.3127 35.3607 85.5240 75.9670 53.1424 84.6930 157.3154 168.2768 81.1314 162.7839 60.1386 59.2357
77.5572 92.2381 92.8198 104.8052 19.8064 82.7303 126.9874 253.9121 108.9475 236.9522 111.7095 0.0000 146.2934 154.4465 121.7638 13.9847 91.2448 76.8084 81.7855 164.3035 66.2912 45.9129 85.2177 39.1227 168.3028 139.6220 65.8393 48.9097
80.7543 97.3433 78.1335 74.4014 184.9046 7.7790 191.1108 223.5130 191.0614 66.8342 70.2253 146.2934 0.0000 43.3568 219.7062 103.4119 54.5514 177.1884 224.3633 135.2077 67.8876 107.9799 90.5429 89.8052 19.1425 184.2713 83.1637 121.7386
10.4555 168.4722 16.6194 13.3728 180.5733 143.7817 140.7096 172.7809 155.3922 110.9116 86.1856 154.4465 43.3568 0.0000 89.0243 77.8721 80.4125 242.7387 110.1905 59.2034 129.3817 135.7481 17.1296 104.2451 179.8631 103.3636 146.5841 50.5214
114.2693 78.7609 173.6506 55.9666 108.6470 11.0659 57.2401 145.6102 119.1897 201.5114 171.2982 121.7638 219.7062 89.0243 0.0000 90.6121 89.5071 118.2688 120.7020 156.9966 163.8025 95.9625 67.4140 147.4556 119.5180 147.7824 147.1789 147.7875
123.7919 13.7023 64.6253 54.5952 108.0014 143.2573 120.6866 148.7017 51.2311 162.3255 142.8356 13.9847 103.4119 77.8721 90.6121 0.0000 2.5075 38.6190 37.6659 78.6114 69.3258 94.2337 72.0477 54.7016 160.2663 106.4614 43.0410 31.5428
88.3414 52.8794 43.7984 159.5599 95.5349 157.0102 152.9198 213.4379 136.6205 62.6919 87.3127 91.2448 54.5514 80.4125 89.5071 2.5075 0.0000 65.7825 130.8057 109.7177 80.3263 58.8705 98.1206 169.2798 58.3513 175.4211 37.2701 172.6848
37.6331 135.8650 111.1553 158.7851 138.2688 147.1734 27.6194 6.1725 70.9180 49.5533 35.3607 76.8084 177.1884 242.7387 118.2688 38.6190 65.7825 0.0000 78.1574 135.0786 76.1064 97.0381 28.9282 27.7140 126.7532 93.0812 58.5135 63.7572
165.5971 34.8052 154.9284 108.8021 153.7588 200.5654 115.4862 131.2215 128.3458 120.3625 85.5240 81.7855 224.3633 110.1905 120.7020 37.6659 130.8057 78.1574 0.0000 241.1845 203.4941 128.0483 85.3496 158.3988 29.8201 62.2551 101.9629 140.5779
131.3205 47.6637 153.6392 98.0847 14.6628 0.5430 102.9554 95.2186 163.2402 141.2946 75.9670 164.3035 135.2077 59.2034 156.9966 78.6114 109.7177 135.0786 241.1845 0.0000 95.5210 218.1706 92.2056 115.7212 66.9306 161.2770 113.7794 114.4133
84.8347 174.0748 59.2622 104.2094 71.2695 45.3950 20.5535 51.3121 185.6725 151.5811 53.1424 66.2912 67.8876 129.3817 163.8025 69.3258 80.3263 76.1064 203.4941 95.5210 0.0000 103.3225 76.8605 120.4292 86.4941 49.9668 128.4166 9.3119
238.8489 53.6556 100.6714 47.8926 231.2511 95.6610 56.9523 61.4371 108.4146 94.3858 84.6930 45.9129 107.9799 135.7481 95.9625 94.2337 58.8705 97.0381 128.0483 218.1706 103.3225 0.0000 131.5499 113.6439 64.9659 67.0948 140.7268 113.2326
174.3229 63.9547 177.1482 188.6918 77.1193 105.1453 43.1618 139.5448 48.9660 71.8444 157.3154 85.2177 90.5429 17.1296 67.4140 72.0477 98.1206 28.9282 85.3496 92.2056 76.8605 131.5499 0.0000 105.1899 178.6819 14.7859 191.4511 186.1050
37.8508 113.9094 104.6920 96.5758 220.6430 92.1290 79.6895 145.0981 35.3941 151.0029 168.2768 39.1227 89.8052 104.2451 147.4556 54.7016 169.2798 27.7140 158.3988 115.7212 120.4292 113.6439 105.1899 0.0000 84.1996 137.1906 193.4623 56.3191
64.8025 111.1342 13.0010 44.4818 83.0810 97.0354 59.0936 101.8306 150.9993 100.0506 81.1314 168.3028 19.1425 179.8631 119.5180 160.2663 58.3513 126.7532 29.8201 66.9306 86.4941 64.9659 178.6819 84.1996 0.0000 83.0075 151.2403 128.5561
212.0309 93.4079 36.5612 211.1769 79.5779 131.3906 130.5240 184.8792 212.1885 148.6603 162.7839 139.6220 184.2713 103.3636 147.7824 106.4614 175.4211 93.0812 62.2551 161.2770 49.9668 67.0948 14.7859 137.1906 83.0075 0.0000 115.0315 133.9562
101.6895 140.4163 91.9545 56.0029 143.9663 21.6484 107.5167 210.4258 114.5908 1.5949 60.1386 65.8393 83.1637 146.5841 147.1789 43.0410 37.2701 58.5135 101.9629 113.7794 128.4166 140.7268 191.4511 193.4623 151.2403 115.0315 0.0000 171.9532
87.3851 165.4349 149.3535 92.2869 4.2554 21.4141 81.9015 180.5612 140.2805 21.2158 59.2357 48.9097 121.7386 50.5214 147.7875 31.5428 172.6848 63.7572 140.5779 114.4133 9.3119 113.2326 186.1050 56.3191 128.5561 133.9562 171.9532 0.0000
