28
0.0000 194.6902 80.6137 25.7681 161.8472 11.4521 65.4473 168.4454 56.3027 122.0745 172.7851 119.0722 93.9284 128.0696 26.5673 88.6736 83.6596 95.1060 204.4308 96.8905 120.7930 10.2898 12.3846 29.0773 187.6912 73.2459 93.9355 53.4385
194.6902 0.0000 182.2380 14.4955 125.3980 124.1148 40.5672 138.9440 120.5161 118.2458 138.3099 224.9391 143.2701 159.8550 122.3664 96.7990 51.1976 31.3141 128.5475 126.7575 60.9505 104.1452 78.3845 42.9335 146.8118 89.1853 153.6783 110.9177
80.6137 182.2380 0.0000 10.2812 95.1192 181.5953 62.5844 86.0209 172.4106 148.7991 61.1972 194.5706 64.3213 97.2243 180.0227 23.9012 112.2458 52.0910 161.9721 126.4702 149.0627 103.4896 78.9128 122.1873 91.8250 88.7993 199.6028 85.4676
25.7681 14.4955 10.2812 0.0000 49.0437 130.7696 151.9560 92.8088 111.0596 39.1485 107.7691 133.7318 140.8486 144.6912 195.8661 72.5182 140.3225 105.0843 107.6544 17.0480 234.2931 91.1935 274.8508 29.0882 74.4191 23.5022 187.5686 59.9631
161.8472 125.3980 95.1192 49.0437 0.0000 78.8014 128.9755 99.7949 59.4567 108.2109 121.4857 224.2974 3.9541 42.8537 94.2922 113.9995 80.9980 94.3441 4.8356 54.0598 71.1480 22.4095 14.5421 154.4186 163.4818 99.0982 152.8275 115.9867
11.4521 124.1148 181.5953 130.7696 78.8014 0.0000 102.1142 39.2452 162.3344 169.1156 186.4832 113.6840 141.1604 3.9997 131.9235 64.4274 64.3200 63.8271 39.2900 135.8413 168.0134 110.2502 96.3950 130.9050 138.0692 115.3266 86.8692 109.2993
65.4473 40.5672 62.5844 151.9560 128.9755 102.1142 0.0000 206.2651 151.1318 72.2500 218.8947 139.0530 88.6164 37.9573 154.3030 254.6448 66.1706 20.8035 136.4546 87.6081 49.3461 198.6319 2.3568 56.5729 128.8747 121.2726 99.0115 134.0992
168.4454 138.9440 86.0209 92.8088 99.7949 39.2452 206.2651 0.0000 104.7737 279.1377 38.8993 14.8058 168.6370 145.7810 42.2986 24.1671 116.4475 2.2882 117.4986 21.4880 35.8921 259.6784 158.6863 75.5161 187.9751 115.9845 113.6747 97.0071
56.3027 120.5161 172.4106 111.0596 59.4567 162.3344 151.1318 104.7737 0.0000 127.0606 19.3501 154.9126 169.2220 122.5492 13.6188 173.3615 80.5283 25.1596 46.6642 115.9548 117.5122 222.7487 146.1406 24.4359 120.7943 147.0054 90.6470 176.2974
122.0745 118.2458 148.7991 39.1485 108.2109 169.1156 72.2500 279.1377 127.0606 0.0000 128.0090 141.9216 157.9901 112.0900 73.0287 136.9660 47.1449 4.0637 168.9811 118.2955 175.3024 156.7068 92.2659 52.0942 114.3878 54.5311 139.9646 111.1936
172.7851 138.3099 61.1972 107.7691 121.4857 186.4832 218.8947 38.8993 19.3501 128.0090 0.0000 151.2769 118.5441 31.2711 78.8784 63.7370 119.5754 238.3093 110.8374 138.7947 199.4018 67.5845 180.3620 110.4454 115.0967 64.2026 190.5944 128.1801
119.0722 224.9391 194.5706 133.7318 224.2974 113.6840 139.0530 14.8058 154.9126 141.9216 151.2769 0.0000 194.8011 93.9049 109.6571 90.7498 37.2435 67.7117 117.0913 104.3174 87.3169 86.2141 216.7355 120.8794 202.2351 119.2025 144.8559 126.3408
93.9284 143.2701 64.3213 140.8486 3.9541 141.1604 88.6164 168.6370 169.2220 157.9901 118.5441 194.8011 0.0000 93.7634 93.5787 86.3455 52.0924 141.8400 89.3979 99.3025 231.0525 172.9938 100.7056 75.1455 61.3818 92.5356 86.9945 195.8762
128.0696 159.8550 97.2243 144.6912 42.8537 3.9997 37.9573 145.7810 122.5492 112.0900 31.2711 93.9049 93.7634 0.0000 56.9020 117.8882 105.7618 125.3530 130.6893 167.7368 100.5063 130.2701 35.3657 156.3040 23.2613 235.9765 78.6750 116.9627
26.5673 122.3664 180.0227 195.8661 94.2922 131.9235 154.3030 42.2986 13.6188 73.0287 78.8784 109.6571 93.5787 56.9020 0.0000 97.9742 129.5834 194.6992 124.7312 145.0119 112.7962 181.9817 11.2970 83.7064 178.3489 191.8232 42.3243 147.7500
88.6736 96.7990 23.9012 72.5182 113.9995 64.4274 254.6448 24.1671 173.3615 136.9660 63.7370 90.7498 86.3455 117.8882 97.9742 0.0000 95.6217 134.9033 48.0669 31.2556 88.3123 24.1058 104.9848 75.2608 71.1733 180.4045 25.0107 143.8459
83.6596 51.1976 112.2458 140.3225 80.9980 64.3200 66.1706 116.4475 80.5283 47.1449 119.5754 37.2435 52.0924 105.7618 129.5834 95.6217 0.0000 125.6402 169.6385 197.2347 185.1111 53.1850 83.5968 16.7825 140.6570 133.7269 43.9380 69.2505
95.1060 31.3141 52.0910 105.0843 94.3441 63.8271 20.8035 2.2882 25.1596 4.0637 238.3093 67.7117 141.8400 125.3530 194.6992 134.9033 125.6402 0.0000 145.5096 37.5437 171.0779 142.7730 29.2406 155.0241 60.5109 46.8756 68.6755 91.5937
204.4308 128.5475 161.9721 107.6544 4.8356 39.2900 136.4546 117.4986 46.6642 168.9811 110.8374 117.0913 89.3979 130.6893 124.7312 48.0669 169.6385 145.5096 0.0000 150.4420 110.8245 1.1089 54.6607 114.4219 56.8587 124.8275 86.5907 166.2031
96.8905 126.7575 126.4702 17.0480 54.0598 135.8413 87.6081 21.4880 115.9548 118.2955 138.7947 104.3174 99.3025 167.7368 145.0119 31.2556 197.2347 37.5437 150.4420 0.0000 84.1261 157.9652 26.2633 66.3527 190.3387 82.4038 23.0183 136.8010
120.7930 60.9505 149.0627 234.2931 71.1480 168.0134 49.3461 35.8921 117.5122 175.3024 199.4018 87.3169 231.0525 100.5063 112.7962 88.3123 185.1111 171.0779 110.8245 84.1261 0.0000 42.9035 116.2274 93.7811 115.6024 73.5469 90.2640 115.5658
10.2898 104.1452 103.4896 91.1935 22.4095 110.2502 198.6319 259.6784 222.7487 156.7068 67.5845 86.2141 172.9938 130.2701 181.9817 24.1058 53.1850 142.7730 1.1089 157.9652 42.9035 0.0000 74.3239 102.8270 91.4018 78.0289 115.4675 55.3150
12.3846 78.3845 78.9128 274.8508 14.5421 96.3950 2.3568 158.6863 146.1406 92.2659 180.3620 216.7355 100.7056 35.3657 11.2970 104.9848 83.5968 29.2406 54.6607 26.2633 116.2274 74.3239 0.0000 119.6090 168.7681 81.8062 80.1892 103.1303
29.0773 42.9335 122.1873 29.0882 154.4186 130.9050 56.5729 75.5161 24.4359 52.0942 110.4454 120.8794 75.1455 156.3040 83.7064 75.2608 16.7825 155.0241 114.4219 66.3527 93.7811 102.8270 119.6090 0.0000 161.8873 200.4534 142.2304 111.5677
187.6912 146.8118 91.8250 74.4191 163.4818 138.0692 128.8747 187.9751 120.7943 114.3878 115.0967 202.2351 61.3818 23.2613 178.3489 71.1733 140.6570 60.5109 56.8587 190.3387 115.6024 91.4018 168.7681 161.8873 0.0000 121.9211 150.4448 176.4893
73.2459 89.1853 88.7993 23.5022 99.0982 115.3266 121.2726 115.9845 147.0054 54.5311 64.2026 119.2025 92.5356 235.9765 191.8232 180.4045 133.7269 46.8756 124.8275 82.4038 73.5469 78.0289 81.8062 200.4534 121.9211 0.0000 152.2312 92.9743
93.9355 153.6783 199.6028 187.5686 152.8275 86.8692 99.0115 113.6747 90.6470 139.9646 190.5944 144.8559 86.9945 78.6750 42.3243 25.0107 43.9380 68.6755 86.5907 23.0183 90.2640 115.4675 80.1892 142.2304 150.4448 152.2312 0.0000 42.1562
53.4385 110.9177 85.4676 59.9631 115.9867 109.2993 134.0992 97.0071 176.2974 111.1936 128.1801 126.3408 195.8762 116.9627 147.7500 143.8459 69.2505 91.5937 166.2031 136.8010 115.5658 55.3150 103.1303 111.5677 176.4893 92.9743 42.1562 0.0000
