27
0.0000 208.3323 143.7419 74.1985 73.7124 113.4627 95.4740 12.5641 69.8733 128.1285 105.1807 122.1203 74.5227 111.7729 104.8688 67.9183 96.4871 20.9664 61.6876 76.2409 81.8605 184.4324 88.7960 188.7932 134.9628 133.7312 175.1562
208.3323 0.0000 247.7146 212.4918 155.6981 33.4779 99.9607 134.8909 57.6971 135.3502 103.1840 107.9226 86.5475 98.3714 44.4859 88.9104 60.7568 28.3031 95.1606 90.7115 184.2100 176.2199 127.0110 64.4709 58.7682 163.3108 32.8333
143.7419 247.7146 0.0000 47.0732 41.9422 11.8762 2.0089 138.6652 198.1475 193.0820 117.5517 36.9655 106.8320 113.0410 129.3401 102.5628 71.3064 112.7531 181.5695 248.3514 26.8952 55.2099 221.3286 102.6032 23.6373 69.3170 68.5280
74.1985 212.4918 47.0732 0.0000 144.9171 160.4595 82.0424 111.2395 224.8874 8.4788 55.2440 123.0352 113.3407 10.6801 181.6978 87.5851 125.7997 170.7990 96.8664 93.5406 15.1623 29.2353 26.8278 19.6878 108.7366 64.9670 206.4731
73.7124 155.6981 41.9422 144.9171 0.0000 81.5163 150.7009 61.3186 191.3656 94.5868 22.2916 230.0204 32.3874 73.7986 153.6701 165.9405 172.7870 286.0979 194.4643 189.7718 98.7563 130.2287 24.9825 144.3521 18.9336 192.5087 36.7158
113.4627 33.4779 11.8762 160.4595 81.5163 0.0000 183.3734 93.0517 123.4687 92.2940 104.4541 204.7929 63.3734 113.9254 178.4869 166.8228 65.4346 115.2430 144.5849 186.9430 148.0966 83.5510 74.2971 85.1115 155.2289 179.2884 133.4875
95.4740 99.9607 2.0089 82.0424 150.7009 183.3734 0.0000 206.3255 142.7481 37.8958 7.4084 75.0456 162.6725 203.2412 47.8006 130.0020 96.5048 93.2390 145.6443 74.2994 25.7158 131.7705 136.3360 101.1469 39.6109 177.2267 108.7437
12.5641 134.8909 138.6652 111.2395 61.3186 93.0517 206.3255 0.0000 88.4719 65.4429 150.3825 124.9657 234.8943 145.1739 8.9809 137.0390 24.4598 116.1865 7.4018 144.9976 153.1850 60.7023 117.1909 113.2717 51.7604 182.2094 115.0984
69.8733 57.6971 198.1475 224.8874 191.3656 123.4687 142.7481 88.4719 0.0000 195.9894 31.7383 3.2670 122.6156 142.0506 42.4339 140.0224 52.5666 115.8413 93.6497 72.0398 53.6808 186.8486 142.6008 133.2618 126.0319 131.3025 1.7114
128.1285 135.3502 193.0820 8.4788 94.5868 92.2940 37.8958 65.4429 195.9894 0.0000 231.4343 113.3117 178.1129 184.4413 64.6814 129.5398 145.9785 92.9107 115.2854 152.7963 35.0482 169.9446 79.8046 119.4334 51.2383 62.0932 97.2722
105.1807 103.1840 117.5517 55.2440 22.2916 104.4541 7.4084 150.3825 31.7383 231.4343 0.0000 30.4254 143.0490 92.4517 150.4975 102.1909 167.1987 134.1597 79.1048 111.9836 184.8969 59.5821 130.0283 240.3590 106.0532 58.1591 46.1955
122.1203 107.9226 36.9655 123.0352 230.0204 204.7929 75.0456 124.9657 3.2670 113.3117 30.4254 0.0000 57.2363 92.7861 26.6734 121.6346 217.0021 191.7404 149.8459 128.6479 3.8969 159.8664 53.7986 37.6736 62.5558 140.4447 57.2816
74.5227 86.5475 106.8320 113.3407 32.3874 63.3734 162.6725 234.8943 122.6156 178.1129 143.0490 57.2363 0.0000 89.0880 114.2811 173.3569 64.7367 43.5253 155.9889 103.7529 191.8952 101.7671 62.4557 58.6007 39.1525 139.5914 124.2542
111.7729 98.3714 113.0410 10.6801 73.7986 113.9254 203.2412 145.1739 142.0506 184.4413 92.4517 92.7861 89.0880 0.0000 151.1686 107.5033 125.4077 221.5124 206.9850 85.7137 144.4361 146.4158 83.9066 68.4513 33.3669 149.9322 175.0436
104.8688 44.4859 129.3401 181.6978 153.6701 178.4869 47.8006 8.9809 42.4339 64.6814 150.4975 26.6734 114.2811 151.1686 0.0000 180.2584 42.7846 104.0211 161.5257 183.2522 125.2678 75.6801 21.5486 181.2567 111.5515 134.2323 176.4239
67.9183 88.9104 102.5628 87.5851 165.9405 166.8228 130.0020 137.0390 140.0224 129.5398 102.1909 121.6346 173.3569 107.5033 180.2584 0.0000 75.4807 35.1961 117.4524 129.4230 232.2743 29.0701 6.8607 56.3293 111.9948 146.9194 125.5904
96.4871 60.7568 71.3064 125.7997 172.7870 65.4346 96.5048 24.4598 52.5666 145.9785 167.1987 217.0021 64.7367 125.4077 42.7846 75.4807 0.0000 124.4506 114.9924 188.3197 94.0850 72.3247 105.4574 182.8557 3.2054 144.3759 174.8465
20.9664 28.3031 112.7531 170.7990 286.0979 115.2430 93.2390 116.1865 115.8413 92.9107 134.1597 191.7404 43.5253 221.5124 104.0211 35.1961 124.4506 0.0000 199.4267 52.2751 69.6990 27.6484 76.2943 172.6374 68.4850 44.4039 60.8565
61.6876 95.1606 181.5695 96.8664 194.4643 144.5849 145.6443 7.4018 93.6497 115.2854 79.1048 149.8459 155.9889 206.9850 161.5257 117.4524 114.9924 199.4267 0.0000 122.6039 93.0528 151.9134 26.5038 250.1347 125.3165 91.8021 89.7360
76.2409 90.7115 248.3514 93.5406 189.7718 186.9430 74.2994 144.9976 72.0398 152.7963 111.9836 128.6479 103.7529 85.7137 183.2522 129.4230 188.3197 52.2751 122.6039 0.0000 54.9418 106.5937 62.0668 133.3306 176.6382 158.8747 71.8640
81.8605 184.2100 26.8952 15.1623 98.7563 148.0966 25.7158 153.1850 53.6808 35.0482 184.8969 3.8969 191.8952 144.4361 125.2678 232.2743 94.0850 69.6990 93.0528 54.9418 0.0000 96.6785 67.5741 70.3716 156.6910 43.7384 79.4586
184.4324 176.2199 55.2099 29.2353 130.2287 83.5510 131.7705 60.7023 186.8486 169.9446 59.5821 159.8664 101.7671 146.4158 75.6801 29.0701 72.3247 27.6484 151.9134 106.5937 96.6785 0.0000 150.8784 41.0830 32.9826 142.8894 57.9657
88.7960 127.0110 221.3286 26.8278 24.9825 74.2971 136.3360 117.1909 142.6008 79.8046 130.0283 53.7986 62.4557 83.9066 21.5486 6.8607 105.4574 76.2943 26.5038 62.0668 67.5741 150.8784 0.0000 96.2028 104.7118 204.7943 35.6656
188.7932 64.4709 102.6032 19.6878 144.3521 85.1115 101.1469 113.2717 133.2618 119.4334 240.3590 37.6736 58.6007 68.4513 181.2567 56.3293 182.8557 172.6374 250.1347 133.3306 70.3716 41.0830 96.2028 0.0000 77.7840 95.0417 1.0962
134.9628 58.7682 23.6373 108.7366 18.9336 155.2289 39.6109 51.7604 126.0319 51.2383 106.0532 62.5558 39.1525 33.3669 111.5515 111.9948 3.2054 68.4850 125.3165 176.6382 156.6910 32.9826 104.7118 77.7840 0.0000 218.8763 163.8961
133.7312 163.3108 69.3170 64.9670 192.5087 179.2884 177.2267 182.2094 131.3025 62.0932 58.1591 140.4447 139.5914 149.9322 134.2323 146.9194 144.3759 44.4039 91.8021 158.8747 43.7384 142.8894 204.7943 95.0417 218.8763 0.0000 150.4721
175.1562 32.8333 68.5280 206.4731 36.7158 133.4875 108.7437 115.0984 1.7114 97.2722 46.1955 57.2816 124.2542 175.0436 176.4239 125.5904 174.8465 60.8565 89.7360 71.8640 79.4586 57.9657 35.6656 1.0962 163.8961 150.4721 0.0000
