27
0.0000 106.2196 154.0283 178.3794 69.2433 85.7573 55.9978 44.9283 39.3239 92.0492 202.5689 42.7521 20.9367 122.7831 195.1404 80.4925 81.9730 134.4807 64.3417 11.0200 98.3014 128.5740 41.8575 204.9099 26.0119 89.1286 39.2014
106.2196 0.0000 75.4504 138.7533 69.2613 31.2878 122.8910 113.3138 118.7697 110.6325 58.4148 81.2044 21.4107 41.0859 144.7956 78.8482 144.1145 29.5633 149.7967 33.8895 74.0223 57.3957 36.7224 71.2235 92.8920 84.5099 85.6354
154.0283 75.4504 0.0000 138.8227 72.8648 161.8156 214.1962 160.5600 170.9208 99.7061 140.2213 165.8735 152.1316 64.9197 59.2775 116.6999 180.6850 21.4777 156.0322 12.8245 150.1367 99.2891 96.2434 263.9212 100.2091 27.7987 73.7077
178.3794 138.7533 138.8227 0.0000 40.9175 163.7736 176.2391 78.2284 62.5741 5.8289 141.3384 161.4582 108.8185 145.9752 76.2147 174.6829 119.9697 126.7829 91.9214 66.9868 95.8858 127.1023 66.8319 77.3547 75.8933 18.9447 22.3896
69.2433 69.2613 72.8648 40.9175 0.0000 90.5936 78.0121 26.2001 170.6407 91.6320 179.1533 66.7987 184.3078 196.7250 49.5926 6.4319 70.5374 131.9242 104.2564 171.2300 30.6178 156.6936 117.1905 108.3612 71.2193 148.5775 159.1781
85.7573 31.2878 161.8156 163.7736 90.5936 0.0000 80.6091 37.8301 95.5414 137.3404 207.2252 212.2272 93.5020 61.9036 66.8984 40.8511 131.2132 95.8417 181.8709 107.2287 140.5990 168.5433 133.9851 117.1728 66.6144 85.0252 93.6483
55.9978 122.8910 214.1962 176.2391 78.0121 80.6091 0.0000 77.8950 122.1256 92.3931 93.3724 99.9882 42.6560 203.8985 140.0575 46.5098 73.7498 172.1608 70.9482 158.2733 112.0028 70.9340 114.0357 76.0042 22.5624 42.1793 113.5166
44.9283 113.3138 160.5600 78.2284 26.2001 37.8301 77.8950 0.0000 114.3277 191.9118 119.3791 180.2612 134.2989 51.0083 73.7390 74.3635 124.2252 119.2525 113.1986 122.3752 96.8609 180.9376 81.2095 65.7787 95.2533 217.2536 106.5068
39.3239 118.7697 170.9208 62.5741 170.6407 95.5414 122.1256 114.3277 0.0000 80.1576 69.1834 246.4204 95.1219 87.3871 149.4806 74.2338 89.3106 111.5667 141.6475 164.5811 135.6062 140.0423 80.9127 57.8538 38.0998 97.2751 46.5181
92.0492 110.6325 99.7061 5.8289 91.6320 137.3404 92.3931 191.9118 80.1576 0.0000 94.6573 66.9365 140.8182 107.7445 57.8981 82.9904 103.3307 116.1781 3.8941 257.7960 159.1117 26.3801 98.2662 192.6025 138.8770 34.5764 151.1004
202.5689 58.4148 140.2213 141.3384 179.1533 207.2252 93.3724 119.3791 69.1834 94.6573 0.0000 146.2221 1.3766 9.6938 75.8194 89.7797 71.6575 139.8351 10.4471 61.3028 161.4722 54.7883 147.5607 163.8392 29.3639 124.0100 131.3972
42.7521 81.2044 165.8735 161.4582 66.7987 212.2272 99.9882 180.2612 246.4204 66.9365 146.2221 0.0000 118.0822 26.5546 39.3368 93.1239 91.8421 4.8665 51.9411 83.7237 118.6192 140.2054 27.3528 171.8769 96.7522 133.4363 58.2113
20.9367 21.4107 152.1316 108.8185 184.3078 93.5020 42.6560 134.2989 95.1219 140.8182 1.3766 118.0822 0.0000 246.9287 117.7487 203.3851 24.4138 107.5407 89.2715 77.6352 62.7321 159.0277 25.3256 61.8987 13.3178 147.8938 113.9753
122.7831 41.0859 64.9197 145.9752 196.7250 61.9036 203.8985 51.0083 87.3871 107.7445 9.6938 26.5546 246.9287 0.0000 133.1324 110.1900 130.7623 28.3296 67.1035 1.8198 97.3661 1.4151 109.1921 70.0344 161.0773 125.5789 81.9948
195.1404 144.7956 59.2775 76.2147 49.5926 66.8984 140.0575 73.7390 149.4806 57.8981 75.8194 39.3368 117.7487 133.1324 0.0000 89.1520 117.5526 37.0252 142.6611 123.3199 119.5485 178.6768 1.4358 112.5195 49.1613 13.3492 80.6221
80.4925 78.8482 116.6999 174.6829 6.4319 40.8511 46.5098 74.3635 74.2338 82.9904 89.7797 93.1239 203.3851 110.1900 89.1520 0.0000 79.5031 38.5221 93.6679 86.1172 149.5355 144.2964 87.2847 114.3320 49.2138 1.0944 22.0126
81.9730 144.1145 180.6850 119.9697 70.5374 131.2132 73.7498 124.2252 89.3106 103.3307 71.6575 91.8421 24.4138 130.7623 117.5526 79.5031 0.0000 105.6823 69.2435 69.1408 87.1762 99.5548 88.4690 214.6157 83.3336 62.8099 49.3768
134.4807 29.5633 21.4777 126.7829 131.9242 95.8417 172.1608 119.2525 111.5667 116.1781 139.8351 4.8665 107.5407 28.3296 37.0252 38.5221 105.6823 0.0000 97.1672 76.8027 10.6841 94.2641 99.7960 102.4779 143.3010 36.5644 65.2324
64.3417 149.7967 156.0322 91.9214 104.2564 181.8709 70.9482 113.1986 141.6475 3.8941 10.4471 51.9411 89.2715 67.1035 142.6611 93.6679 69.2435 97.1672 0.0000 115.2855 150.1551 59.5173 70.6401 59.5581 63.5808 10.4594 101.6735
11.0200 33.8895 12.8245 66.9868 171.2300 107.2287 158.2733 122.3752 164.5811 257.7960 61.3028 83.7237 77.6352 1.8198 123.3199 86.1172 69.1408 76.8027 115.2855 0.0000 117.6193 207.9466 48.4792 144.8977 163.6043 151.3753 44.1101
98.3014 74.0223 150.1367 95.8858 30.6178 140.5990 112.0028 96.8609 135.6062 159.1117 161.4722 118.6192 62.7321 97.3661 119.5485 149.5355 87.1762 10.6841 150.1551 117.6193 0.0000 158.7510 134.3901 31.9849 154.1077 54.7796 140.7941
128.5740 57.3957 99.2891 127.1023 156.6936 168.5433 70.9340 180.9376 140.0423 26.3801 54.7883 140.2054 159.0277 1.4151 178.6768 144.2964 99.5548 94.2641 59.5173 207.9466 158.7510 0.0000 6.1487 194.3003 181.2605 137.5814 84.1359
41.8575 36.7224 96.2434 66.8319 117.1905 133.9851 114.0357 81.2095 80.9127 98.2662 147.5607 27.3528 25.3256 109.1921 1.4358 87.2847 88.4690 99.7960 70.6401 48.4792 134.3901 6.1487 0.0000 72.8029 13.3962 87.7815 27.0988
204.9099 71.2235 263.9212 77.3547 108.3612 117.1728 76.0042 65.7787 57.8538 192.6025 163.8392 171.8769 61.8987 70.0344 112.5195 114.3320 214.6157 102.4779 59.5581 144.8977 31.9849 194.3003 72.8029 0.0000 180.4594 103.9006 128.2889
26.0119 92.8920 100.2091 75.8933 71.2193 66.6144 22.5624 95.2533 38.0998 138.8770 29.3639 96.7522 13.3178 161.0773 49.1613 49.2138 83.3336 143.3010 63.5808 163.6043 154.1077 181.2605 13.3962 180.4594 0.0000 109.1251 99.7925
89.1286 84.5099 27.7987 18.9447 148.5775 85.0252 42.1793 217.2536 97.2751 34.5764 124.0100 133.4363 147.8938 125.5789 13.3492 1.0944 62.8099 36.5644 10.4594 151.3753 54.7796 137.5814 87.7815 103.9006 109.1251 0.0000 46.7948
39.2014 85.6354 73.7077 22.3896 159.1781 93.6483 113.5166 106.5068 46.5181 151.1004 131.3972 58.2113 113.9753 81.9948 80.6221 22.0126 49.3768 65.2324 101.6735 44.1101 140.7941 84.1359 27.0988 128.2889 99.7925 46.7948 0.0000
