27
0.0000 67.8912 154.2625 122.3751 84.5878 153.7173 138.6312 118.2624 36.7810 89.8097 36.5052 134.4645 84.8635 109.1459 177.6779 31.7513 118.6091 105.0284 23.3668 137.7855 104.4528 167.1441 24.8981 241.6241 116.1274 81.7216 72.2406
67.8912 0.0000 169.0946 2.8800 122.1626 175.4404 78.0209 212.7560 44.7409 59.2442 66.1014 97.8144 164.5051 164.7302 114.0599 131.8812 165.4442 94.4141 6.5916 29.6549 41.0112 74.7999 63.0096 234.1196 55.5808 97.1293 213.1675
154.2625 169.0946 0.0000 150.6086 85.6453 69.9444 201.7342 93.7366 91.0026 66.6053 157.7194 111.2039 107.2351 21.2500 125.2731 178.1867 109.8658 135.8850 167.8477 117.8044 78.7587 168.9136 123.5697 76.1623 118.7216 128.8274 77.7724
122.3751 2.8800 150.6086 0.0000 147.2937 176.3464 18.2841 60.1829 41.0791 62.9642 193.7077 107.7284 129.2403 84.9237 69.4715 228.7398 151.9934 75.7488 145.5732 111.3360 82.4522 115.5052 92.9669 96.8739 143.5862 146.3215 53.5535
84.5878 122.1626 85.6453 147.2937 0.0000 107.7102 73.0812 145.0129 115.0786 136.6987 200.6451 79.0382 99.0890 99.4641 144.0050 59.4208 164.8776 154.9926 79.3187 102.4959 52.6067 33.0891 27.3457 40.2980 151.6574 154.5823 70.2172
153.7173 175.4404 69.9444 176.3464 107.7102 0.0000 130.3881 79.7085 105.5148 171.5133 25.5812 164.7599 15.1163 14.2310 99.3521 137.3696 0.3132 222.8756 111.4183 70.3844 0.5619 67.5490 1.5183 26.4705 33.4936 147.2457 88.3504
138.6312 78.0209 201.7342 18.2841 73.0812 130.3881 0.0000 179.7405 70.1586 156.0706 56.7275 73.3313 104.7601 163.2031 61.7313 63.0436 122.3487 151.8340 157.8431 56.5094 85.6716 67.3989 115.5126 201.0130 89.7335 195.1938 124.4348
118.2624 212.7560 93.7366 60.1829 145.0129 79.7085 179.7405 0.0000 99.6091 163.8697 8.5785 162.2634 58.3467 92.5337 138.7631 208.2368 77.9028 79.5261 39.2926 136.0866 225.9294 52.0596 44.8438 72.3860 127.9124 184.1542 90.6296
36.7810 44.7409 91.0026 41.0791 115.0786 105.5148 70.1586 99.6091 0.0000 112.3867 77.7061 68.2894 134.0734 136.1491 139.7432 70.1004 36.1925 100.4180 129.4066 112.3905 61.7876 82.4786 101.8387 55.1074 103.1208 88.2627 94.3711
89.8097 59.2442 66.6053 62.9642 136.6987 171.5133 156.0706 163.8697 112.3867 0.0000 75.4711 103.7764 94.1285 96.9256 67.0547 153.6270 89.3894 88.9591 121.2720 21.4574 26.8238 109.2204 41.0176 113.7823 164.2747 140.8080 101.0230
36.5052 66.1014 157.7194 193.7077 200.6451 25.5812 56.7275 8.5785 77.7061 75.4711 0.0000 70.1660 206.2847 93.1279 158.7898 147.1507 131.4930 119.2542 190.3947 98.7919 91.5695 31.4879 124.0745 184.6198 98.4492 81.4975 51.0078
134.4645 97.8144 111.2039 107.7284 79.0382 164.7599 73.3313 162.2634 68.2894 103.7764 70.1660 0.0000 33.9821 180.0503 76.5871 116.7998 17.8291 107.1777 141.9436 39.3009 144.4656 91.4160 53.7338 104.5621 95.6794 114.0505 194.1903
84.8635 164.5051 107.2351 129.2403 99.0890 15.1163 104.7601 58.3467 134.0734 94.1285 206.2847 33.9821 0.0000 68.7506 111.4973 76.5848 154.2825 44.4827 72.1471 150.3268 123.7128 161.9014 73.5751 72.6410 185.2266 205.4198 155.5069
109.1459 164.7302 21.2500 84.9237 99.4641 14.2310 163.2031 92.5337 136.1491 96.9256 93.1279 180.0503 68.7506 0.0000 17.9194 52.4941 165.2421 53.2302 93.0404 63.7210 97.8989 164.4864 184.2793 61.8139 118.9086 93.9933 71.5844
177.6779 114.0599 125.2731 69.4715 144.0050 99.3521 61.7313 138.7631 139.7432 67.0547 158.7898 76.5871 111.4973 17.9194 0.0000 139.5435 84.5891 68.5224 10.9965 131.3757 161.4987 3.9720 103.8560 119.9728 104.4592 246.2695 178.7118
31.7513 131.8812 178.1867 228.7398 59.4208 137.3696 63.0436 208.2368 70.1004 153.6270 147.1507 116.7998 76.5848 52.4941 139.5435 0.0000 95.8682 110.5103 80.1374 52.0905 8.2265 49.6209 104.4349 27.6298 149.7500 155.4985 62.7083
118.6091 165.4442 109.8658 151.9934 164.8776 0.3132 122.3487 77.9028 36.1925 89.3894 131.4930 17.8291 154.2825 165.2421 84.5891 95.8682 0.0000 271.7074 94.1774 133.5846 66.2375 169.8729 111.9337 99.8979 89.4383 57.4416 47.6519
105.0284 94.4141 135.8850 75.7488 154.9926 222.8756 151.8340 79.5261 100.4180 88.9591 119.2542 107.1777 44.4827 53.2302 68.5224 110.5103 271.7074 0.0000 154.9530 31.7239 206.0683 167.8113 32.2851 63.9750 122.9154 75.8820 36.1027
23.3668 6.5916 167.8477 145.5732 79.3187 111.4183 157.8431 39.2926 129.4066 121.2720 190.3947 141.9436 72.1471 93.0404 10.9965 80.1374 94.1774 154.9530 0.0000 120.0224 69.6664 117.7975 89.2282 196.9858 196.7789 67.8051 139.3836
137.7855 29.6549 117.8044 111.3360 102.4959 70.3844 56.5094 136.0866 112.3905 21.4574 98.7919 39.3009 150.3268 63.7210 131.3757 52.0905 133.5846 31.7239 120.0224 0.0000 74.8758 39.8201 232.9923 87.6332 183.0371 168.6044 164.9338
104.4528 41.0112 78.7587 82.4522 52.6067 0.5619 85.6716 225.9294 61.7876 26.8238 91.5695 144.4656 123.7128 97.8989 161.4987 8.2265 66.2375 206.0683 69.6664 74.8758 0.0000 67.2098 96.9668 252.9937 165.5214 42.7328 58.2264
167.1441 74.7999 168.9136 115.5052 33.0891 67.5490 67.3989 52.0596 82.4786 109.2204 31.4879 91.4160 161.9014 164.4864 3.9720 49.6209 169.8729 167.8113 117.7975 39.8201 67.2098 0.0000 58.2466 84.1107 138.3729 140.7811 95.9660
24.8981 63.0096 123.5697 92.9669 27.3457 1.5183 115.5126 44.8438 101.8387 41.0176 124.0745 53.7338 73.5751 184.2793 103.8560 104.4349 111.9337 32.2851 89.2282 232.9923 96.9668 58.2466 0.0000 127.1275 201.5665 48.1671 84.1335
241.6241 234.1196 76.1623 96.8739 40.2980 26.4705 201.0130 72.3860 55.1074 113.7823 184.6198 104.5621 72.6410 61.8139 119.9728 27.6298 99.8979 63.9750 196.9858 87.6332 252.9937 84.1107 127.1275 0.0000 113.1245 90.8940 123.9515
116.1274 55.5808 118.7216 143.5862 151.6574 33.4936 89.7335 127.9124 103.1208 164.2747 98.4492 95.6794 185.2266 118.9086 104.4592 149.7500 89.4383 122.9154 196.7789 183.0371 165.5214 138.3729 201.5665 113.1245 0.0000 39.9292 238.6683
81.7216 97.1293 128.8274 146.3215 154.5823 147.2457 195.1938 184.1542 88.2627 140.8080 81.4975 114.0505 205.4198 93.9933 246.2695 155.4985 57.4416 75.8820 67.8051 168.6044 42.7328 140.7811 48.1671 90.8940 39.9292 0.0000 54.9229
72.2406 213.1675 77.7724 53.5535 70.2172 88.3504 124.4348 90.6296 94.3711 101.0230 51.0078 194.1903 155.5069 71.5844 178.7118 62.7083 47.6519 36.1027 139.3836 164.9338 58.2264 95.9660 84.1335 123.9515 238.6683 54.9229 0.0000
