24
0.0000 130.3856 85.6415 73.2433 127.0441 56.4493 85.2107 60.6256 121.7816 159.7474 15.4794 229.0747 122.6774 188.2505 75.6324 112.1756 110.7702 206.2847 150.2927 81.3403 169.5029 141.9767 152.4880 220.7061
130.3856 0.0000 220.5006 80.1269 93.0625 200.8540 133.0801 86.3789 87.7729 40.7172 29.8660 38.5494 96.2285 105.1580 15.4674 154.5678 131.2539 19.1799 99.9962 297.5640 211.1555 99.3775 84.9571 116.9775
85.6415 220.5006 0.0000 275.8742 88.7316 101.9233 40.5209 121.3170 149.7908 82.9806 64.0824 165.0193 114.9110 22.9698 100.3082 48.1020 83.9518 101.3741 141.0675 112.1580 34.0415 53.5328 51.4234 35.5842
73.2433 80.1269 275.8742 0.0000 103.7221 136.2917 69.6057 162.7899 140.2196 125.1330 106.7495 7.7409 173.4497 97.4134 156.3395 168.2029 211.9778 74.1848 19.8748 39.1810 4.6912 41.1231 195.9277 47.3354
127.0441 93.0625 88.7316 103.7221 0.0000 45.1581 170.2491 73.8317 40.3430 14.7567 135.6961 174.2008 68.7666 71.2547 85.9910 129.8373 81.6135 129.6460 54.0009 307.6035 10.0315 100.3611 100.6729 70.9446
56.4493 200.8540 101.9233 136.2917 45.1581 0.0000 142.8168 118.6452 122.8661 153.7256 157.1786 152.8982 179.9919 74.9717 53.0895 22.3399 6.5768 41.0548 31.1537 199.4530 53.6813 43.8706 25.7110 130.5670
85.2107 133.0801 40.5209 69.6057 170.2491 142.8168 0.0000 188.4608 69.8763 82.3129 37.9195 106.6814 61.1901 146.1268 27.2488 19.4880 37.2114 61.7272 61.7704 254.4042 62.7669 151.6870 20.9723 145.2421
60.6256 86.3789 121.3170 162.7899 73.8317 118.6452 188.4608 0.0000 125.0875 127.9249 113.3561 80.4876 49.4297 93.3182 57.0414 104.0612 79.2823 153.5163 173.2288 64.3617 146.0086 89.0109 78.2793 237.0254
121.7816 87.7729 149.7908 140.2196 40.3430 122.8661 69.8763 125.0875 0.0000 136.6193 82.7524 110.7554 164.7441 114.4747 157.3364 60.6497 171.3111 116.8608 111.1456 77.2537 150.0976 75.1593 65.2342 188.8089
159.7474 40.7172 82.9806 125.1330 14.7567 153.7256 82.3129 127.9249 136.6193 0.0000 150.1525 98.7697 121.6493 121.2393 64.7144 192.7002 137.4221 54.9341 99.7512 149.4291 68.2707 142.9903 53.1179 55.3674
15.4794 29.8660 64.0824 106.7495 135.6961 157.1786 37.9195 113.3561 82.7524 150.1525 0.0000 101.5550 209.2688 65.3798 162.3195 134.6289 100.6057 109.4256 68.5297 83.3885 3.3085 207.3212 5.7085 88.7802
229.0747 38.5494 165.0193 7.7409 174.2008 152.8982 106.6814 80.4876 110.7554 98.7697 101.5550 0.0000 143.8722 181.7763 82.2078 192.1251 177.3711 88.8477 136.4551 30.2539 130.3425 156.7745 51.1136 98.0396
122.6774 96.2285 114.9110 173.4497 68.7666 179.9919 61.1901 49.4297 164.7441 121.6493 209.2688 143.8722 0.0000 52.4373 106.1537 82.1846 49.2388 110.8887 24.1904 187.6665 184.5517 93.0413 97.6734 145.0129
188.2505 105.1580 22.9698 97.4134 71.2547 74.9717 146.1268 93.3182 114.4747 121.2393 65.3798 181.7763 52.4373 0.0000 76.8583 172.0600 70.7677 78.8877 91.5217 87.4791 159.3556 5.1420 102.6653 97.5525
75.6324 15.4674 100.3082 156.3395 85.9910 53.0895 27.2488 57.0414 157.3364 64.7144 162.3195 82.2078 106.1537 76.8583 0.0000 72.2762 42.6203 125.7000 39.7066 70.5412 18.9722 80.7247 110.7143 139.4229
112.1756 154.5678 48.1020 168.2029 129.8373 22.3399 19.4880 104.0612 60.6497 192.7002 134.6289 192.1251 82.1846 172.0600 72.2762 0.0000 19.2045 44.9882 67.5791 80.8639 167.9608 104.5178 151.8151 141.3084
110.7702 131.2539 83.9518 211.9778 81.6135 6.5768 37.2114 79.2823 171.3111 137.4221 100.6057 177.3711 49.2388 70.7677 42.6203 19.2045 0.0000 150.1932 145.6916 89.6117 160.6292 121.6806 158.0938 63.6038
206.2847 19.1799 101.3741 74.1848 129.6460 41.0548 61.7272 153.5163 116.8608 54.9341 109.4256 88.8477 110.8887 78.8877 125.7000 44.9882 150.1932 0.0000 83.5025 137.7278 73.0768 154.0218 45.5447 22.6801
150.2927 99.9962 141.0675 19.8748 54.0009 31.1537 61.7704 173.2288 111.1456 99.7512 68.5297 136.4551 24.1904 91.5217 39.7066 67.5791 145.6916 83.5025 0.0000 129.4164 35.6333 107.9719 117.9888 4.6348
81.3403 297.5640 112.1580 39.1810 307.6035 199.4530 254.4042 64.3617 77.2537 149.4291 83.3885 30.2539 187.6665 87.4791 70.5412 80.8639 89.6117 137.7278 129.4164 0.0000 74.2117 112.7447 162.3681 64.6253
169.5029 211.1555 34.0415 4.6912 10.0315 53.6813 62.7669 146.0086 150.0976 68.2707 3.3085 130.3425 184.5517 159.3556 18.9722 167.9608 160.6292 73.0768 35.6333 74.2117 0.0000 110.3417 113.5012 34.7390
141.9767 99.3775 53.5328 41.1231 100.3611 43.8706 151.6870 89.0109 75.1593 142.9903 207.3212 156.7745 93.0413 5.1420 80.7247 104.5178 121.6806 154.0218 107.9719 112.7447 110.3417 0.0000 38.3172 97.9149
152.4880 84.9571 51.4234 195.9277 100.6729 25.7110 20.9723 78.2793 65.2342 53.1179 5.7085 51.1136 97.6734 102.6653 110.7143 151.8151 158.0938 45.5447 117.9888 162.3681 113.5012 38.3172 0.0000 82.4858
220.7061 116.9775 35.5842 47.3354 70.9446 130.5670 145.2421 237.0254 188.8089 55.3674 88.7802 98.0396 145.0129 97.5525 139.4229 141.3084 63.6038 22.6801 4.6348 64.6253 34.7390 97.9149 82.4858 0.0000
